{"C:\\Users\\aonti\\OneDrive\\trabajos tecmi\\documentos random\\proyecto_final_ids\\backend\\src\\config\\database.js": {"path":"C:\\Users\\aonti\\OneDrive\\trabajos tecmi\\documentos random\\proyecto_final_ids\\backend\\src\\config\\database.js","statementMap":{"0":{"start":{"line":1,"column":17},"end":{"line":1,"column":36}},"1":{"start":{"line":3,"column":18},"end":{"line":13,"column":1}},"2":{"start":{"line":4,"column":2},"end":{"line":12,"column":3}},"3":{"start":{"line":5,"column":17},"end":{"line":5,"column":64}},"4":{"start":{"line":7,"column":4},"end":{"line":7,"column":62}},"5":{"start":{"line":8,"column":4},"end":{"line":8,"column":16}},"6":{"start":{"line":10,"column":4},"end":{"line":10,"column":67}},"7":{"start":{"line":11,"column":4},"end":{"line":11,"column":20}},"8":{"start":{"line":15,"column":0},"end":{"line":15,"column":27}}},"fnMap":{"0":{"name":"(anonymous_0)","decl":{"start":{"line":3,"column":18},"end":{"line":3,"column":19}},"loc":{"start":{"line":3,"column":30},"end":{"line":13,"column":1}},"line":3}},"branchMap":{},"s":{"0":5,"1":5,"2":0,"3":0,"4":0,"5":0,"6":0,"7":0,"8":5},"f":{"0":0},"b":{},"_coverageSchema":"1a1c01bbd47fc00a2c39e90264f33305004495a9","hash":"0847c742d7f6d96bcd04cc37085a58c167dc81da"}
,"C:\\Users\\aonti\\OneDrive\\trabajos tecmi\\documentos random\\proyecto_final_ids\\backend\\src\\controllers\\authController.js": {"path":"C:\\Users\\aonti\\OneDrive\\trabajos tecmi\\documentos random\\proyecto_final_ids\\backend\\src\\controllers\\authController.js","statementMap":{"0":{"start":{"line":1,"column":13},"end":{"line":1,"column":38}},"1":{"start":{"line":2,"column":26},"end":{"line":2,"column":55}},"2":{"start":{"line":5,"column":0},"end":{"line":50,"column":2}},"3":{"start":{"line":6,"column":2},"end":{"line":49,"column":3}},"4":{"start":{"line":7,"column":61},"end":{"line":7,"column":69}},"5":{"start":{"line":10,"column":23},"end":{"line":10,"column":52}},"6":{"start":{"line":12,"column":4},"end":{"line":17,"column":5}},"7":{"start":{"line":13,"column":6},"end":{"line":16,"column":9}},"8":{"start":{"line":20,"column":17},"end":{"line":27,"column":6}},"9":{"start":{"line":30,"column":18},"end":{"line":30,"column":41}},"10":{"start":{"line":32,"column":4},"end":{"line":42,"column":7}},"11":{"start":{"line":44,"column":4},"end":{"line":48,"column":7}},"12":{"start":{"line":53,"column":0},"end":{"line":106,"column":2}},"13":{"start":{"line":54,"column":2},"end":{"line":105,"column":3}},"14":{"start":{"line":55,"column":32},"end":{"line":55,"column":40}},"15":{"start":{"line":58,"column":17},"end":{"line":58,"column":66}},"16":{"start":{"line":60,"column":4},"end":{"line":65,"column":5}},"17":{"start":{"line":61,"column":6},"end":{"line":64,"column":9}},"18":{"start":{"line":68,"column":4},"end":{"line":73,"column":5}},"19":{"start":{"line":69,"column":6},"end":{"line":72,"column":9}},"20":{"start":{"line":76,"column":20},"end":{"line":76,"column":57}},"21":{"start":{"line":78,"column":4},"end":{"line":83,"column":5}},"22":{"start":{"line":79,"column":6},"end":{"line":82,"column":9}},"23":{"start":{"line":86,"column":18},"end":{"line":86,"column":41}},"24":{"start":{"line":88,"column":4},"end":{"line":98,"column":7}},"25":{"start":{"line":100,"column":4},"end":{"line":104,"column":7}},"26":{"start":{"line":109,"column":0},"end":{"line":132,"column":2}},"27":{"start":{"line":110,"column":2},"end":{"line":131,"column":3}},"28":{"start":{"line":111,"column":17},"end":{"line":111,"column":49}},"29":{"start":{"line":113,"column":4},"end":{"line":124,"column":7}},"30":{"start":{"line":126,"column":4},"end":{"line":130,"column":7}},"31":{"start":{"line":135,"column":0},"end":{"line":164,"column":2}},"32":{"start":{"line":136,"column":2},"end":{"line":163,"column":3}},"33":{"start":{"line":137,"column":44},"end":{"line":137,"column":52}},"34":{"start":{"line":139,"column":17},"end":{"line":143,"column":5}},"35":{"start":{"line":145,"column":4},"end":{"line":156,"column":7}},"36":{"start":{"line":158,"column":4},"end":{"line":162,"column":7}}},"fnMap":{"0":{"name":"(anonymous_0)","decl":{"start":{"line":5,"column":19},"end":{"line":5,"column":20}},"loc":{"start":{"line":5,"column":39},"end":{"line":50,"column":1}},"line":5},"1":{"name":"(anonymous_1)","decl":{"start":{"line":53,"column":16},"end":{"line":53,"column":17}},"loc":{"start":{"line":53,"column":36},"end":{"line":106,"column":1}},"line":53},"2":{"name":"(anonymous_2)","decl":{"start":{"line":109,"column":21},"end":{"line":109,"column":22}},"loc":{"start":{"line":109,"column":41},"end":{"line":132,"column":1}},"line":109},"3":{"name":"(anonymous_3)","decl":{"start":{"line":135,"column":24},"end":{"line":135,"column":25}},"loc":{"start":{"line":135,"column":44},"end":{"line":164,"column":1}},"line":135}},"branchMap":{"0":{"loc":{"start":{"line":12,"column":4},"end":{"line":17,"column":5}},"type":"if","locations":[{"start":{"line":12,"column":4},"end":{"line":17,"column":5}},{"start":{},"end":{}}],"line":12},"1":{"loc":{"start":{"line":60,"column":4},"end":{"line":65,"column":5}},"type":"if","locations":[{"start":{"line":60,"column":4},"end":{"line":65,"column":5}},{"start":{},"end":{}}],"line":60},"2":{"loc":{"start":{"line":68,"column":4},"end":{"line":73,"column":5}},"type":"if","locations":[{"start":{"line":68,"column":4},"end":{"line":73,"column":5}},{"start":{},"end":{}}],"line":68},"3":{"loc":{"start":{"line":78,"column":4},"end":{"line":83,"column":5}},"type":"if","locations":[{"start":{"line":78,"column":4},"end":{"line":83,"column":5}},{"start":{},"end":{}}],"line":78}},"s":{"0":6,"1":6,"2":6,"3":6,"4":6,"5":6,"6":5,"7":2,"8":3,"9":2,"10":2,"11":2,"12":6,"13":5,"14":5,"15":5,"16":4,"17":1,"18":3,"19":1,"20":2,"21":2,"22":1,"23":1,"24":1,"25":1,"26":6,"27":3,"28":3,"29":2,"30":1,"31":6,"32":8,"33":8,"34":8,"35":7,"36":1},"f":{"0":6,"1":5,"2":3,"3":8},"b":{"0":[2,3],"1":[1,3],"2":[1,2],"3":[1,1]},"_coverageSchema":"1a1c01bbd47fc00a2c39e90264f33305004495a9","hash":"8667ab85ba3c0df13052934d1e3f1ecd6898f2a3"}
,"C:\\Users\\aonti\\OneDrive\\trabajos tecmi\\documentos random\\proyecto_final_ids\\backend\\src\\controllers\\donationController.js": {"path":"C:\\Users\\aonti\\OneDrive\\trabajos tecmi\\documentos random\\proyecto_final_ids\\backend\\src\\controllers\\donationController.js","statementMap":{"0":{"start":{"line":1,"column":17},"end":{"line":1,"column":46}},"1":{"start":{"line":2,"column":18},"end":{"line":2,"column":48}},"2":{"start":{"line":3,"column":17},"end":{"line":3,"column":36}},"3":{"start":{"line":6,"column":0},"end":{"line":34,"column":2}},"4":{"start":{"line":7,"column":2},"end":{"line":33,"column":3}},"5":{"start":{"line":8,"column":67},"end":{"line":8,"column":75}},"6":{"start":{"line":10,"column":21},"end":{"line":18,"column":6}},"7":{"start":{"line":20,"column":4},"end":{"line":20,"column":55}},"8":{"start":{"line":22,"column":4},"end":{"line":26,"column":7}},"9":{"start":{"line":28,"column":4},"end":{"line":32,"column":7}},"10":{"start":{"line":37,"column":0},"end":{"line":62,"column":2}},"11":{"start":{"line":38,"column":2},"end":{"line":61,"column":3}},"12":{"start":{"line":39,"column":16},"end":{"line":39,"column":18}},"13":{"start":{"line":42,"column":4},"end":{"line":44,"column":5}},"14":{"start":{"line":43,"column":6},"end":{"line":43,"column":34}},"15":{"start":{"line":46,"column":22},"end":{"line":48,"column":34}},"16":{"start":{"line":50,"column":4},"end":{"line":54,"column":7}},"17":{"start":{"line":56,"column":4},"end":{"line":60,"column":7}},"18":{"start":{"line":65,"column":0},"end":{"line":96,"column":2}},"19":{"start":{"line":66,"column":2},"end":{"line":95,"column":3}},"20":{"start":{"line":67,"column":21},"end":{"line":68,"column":51}},"21":{"start":{"line":70,"column":4},"end":{"line":75,"column":5}},"22":{"start":{"line":71,"column":6},"end":{"line":74,"column":9}},"23":{"start":{"line":78,"column":4},"end":{"line":83,"column":5}},"24":{"start":{"line":79,"column":6},"end":{"line":82,"column":9}},"25":{"start":{"line":85,"column":4},"end":{"line":88,"column":7}},"26":{"start":{"line":90,"column":4},"end":{"line":94,"column":7}},"27":{"start":{"line":99,"column":0},"end":{"line":180,"column":2}},"28":{"start":{"line":100,"column":18},"end":{"line":100,"column":47}},"29":{"start":{"line":101,"column":2},"end":{"line":101,"column":29}},"30":{"start":{"line":103,"column":2},"end":{"line":179,"column":3}},"31":{"start":{"line":104,"column":30},"end":{"line":104,"column":38}},"32":{"start":{"line":106,"column":21},"end":{"line":106,"column":76}},"33":{"start":{"line":108,"column":4},"end":{"line":114,"column":5}},"34":{"start":{"line":109,"column":6},"end":{"line":109,"column":39}},"35":{"start":{"line":110,"column":6},"end":{"line":113,"column":9}},"36":{"start":{"line":117,"column":27},"end":{"line":117,"column":42}},"37":{"start":{"line":120,"column":4},"end":{"line":120,"column":29}},"38":{"start":{"line":121,"column":4},"end":{"line":121,"column":38}},"39":{"start":{"line":121,"column":15},"end":{"line":121,"column":38}},"40":{"start":{"line":122,"column":4},"end":{"line":122,"column":37}},"41":{"start":{"line":125,"column":4},"end":{"line":153,"column":5}},"42":{"start":{"line":126,"column":6},"end":{"line":126,"column":68}},"43":{"start":{"line":129,"column":26},"end":{"line":133,"column":25}},"44":{"start":{"line":135,"column":6},"end":{"line":135,"column":88}},"45":{"start":{"line":137,"column":6},"end":{"line":152,"column":7}},"46":{"start":{"line":139,"column":8},"end":{"line":139,"column":52}},"47":{"start":{"line":140,"column":8},"end":{"line":140,"column":40}},"48":{"start":{"line":141,"column":8},"end":{"line":141,"column":46}},"49":{"start":{"line":144,"column":8},"end":{"line":151,"column":25}},"50":{"start":{"line":156,"column":4},"end":{"line":156,"column":38}},"51":{"start":{"line":158,"column":4},"end":{"line":158,"column":55}},"52":{"start":{"line":160,"column":4},"end":{"line":166,"column":7}},"53":{"start":{"line":170,"column":4},"end":{"line":170,"column":37}},"54":{"start":{"line":172,"column":4},"end":{"line":176,"column":7}},"55":{"start":{"line":178,"column":4},"end":{"line":178,"column":25}},"56":{"start":{"line":183,"column":0},"end":{"line":215,"column":2}},"57":{"start":{"line":184,"column":2},"end":{"line":214,"column":3}},"58":{"start":{"line":185,"column":21},"end":{"line":185,"column":59}},"59":{"start":{"line":187,"column":4},"end":{"line":192,"column":5}},"60":{"start":{"line":188,"column":6},"end":{"line":191,"column":9}},"61":{"start":{"line":195,"column":4},"end":{"line":200,"column":5}},"62":{"start":{"line":196,"column":6},"end":{"line":199,"column":9}},"63":{"start":{"line":202,"column":4},"end":{"line":202,"column":31}},"64":{"start":{"line":204,"column":4},"end":{"line":207,"column":7}},"65":{"start":{"line":209,"column":4},"end":{"line":213,"column":7}},"66":{"start":{"line":218,"column":0},"end":{"line":263,"column":2}},"67":{"start":{"line":219,"column":2},"end":{"line":262,"column":3}},"68":{"start":{"line":220,"column":18},"end":{"line":227,"column":6}},"69":{"start":{"line":229,"column":27},"end":{"line":229,"column":58}},"70":{"start":{"line":231,"column":28},"end":{"line":239,"column":6}},"71":{"start":{"line":242,"column":28},"end":{"line":245,"column":42}},"72":{"start":{"line":247,"column":4},"end":{"line":255,"column":7}},"73":{"start":{"line":257,"column":4},"end":{"line":261,"column":7}}},"fnMap":{"0":{"name":"(anonymous_0)","decl":{"start":{"line":6,"column":25},"end":{"line":6,"column":26}},"loc":{"start":{"line":6,"column":45},"end":{"line":34,"column":1}},"line":6},"1":{"name":"(anonymous_1)","decl":{"start":{"line":37,"column":23},"end":{"line":37,"column":24}},"loc":{"start":{"line":37,"column":43},"end":{"line":62,"column":1}},"line":37},"2":{"name":"(anonymous_2)","decl":{"start":{"line":65,"column":22},"end":{"line":65,"column":23}},"loc":{"start":{"line":65,"column":42},"end":{"line":96,"column":1}},"line":65},"3":{"name":"(anonymous_3)","decl":{"start":{"line":99,"column":31},"end":{"line":99,"column":32}},"loc":{"start":{"line":99,"column":51},"end":{"line":180,"column":1}},"line":99},"4":{"name":"(anonymous_4)","decl":{"start":{"line":183,"column":25},"end":{"line":183,"column":26}},"loc":{"start":{"line":183,"column":45},"end":{"line":215,"column":1}},"line":183},"5":{"name":"(anonymous_5)","decl":{"start":{"line":218,"column":27},"end":{"line":218,"column":28}},"loc":{"start":{"line":218,"column":47},"end":{"line":263,"column":1}},"line":218}},"branchMap":{"0":{"loc":{"start":{"line":42,"column":4},"end":{"line":44,"column":5}},"type":"if","locations":[{"start":{"line":42,"column":4},"end":{"line":44,"column":5}},{"start":{},"end":{}}],"line":42},"1":{"loc":{"start":{"line":70,"column":4},"end":{"line":75,"column":5}},"type":"if","locations":[{"start":{"line":70,"column":4},"end":{"line":75,"column":5}},{"start":{},"end":{}}],"line":70},"2":{"loc":{"start":{"line":78,"column":4},"end":{"line":83,"column":5}},"type":"if","locations":[{"start":{"line":78,"column":4},"end":{"line":83,"column":5}},{"start":{},"end":{}}],"line":78},"3":{"loc":{"start":{"line":78,"column":8},"end":{"line":78,"column":85}},"type":"binary-expr","locations":[{"start":{"line":78,"column":8},"end":{"line":78,"column":34}},{"start":{"line":78,"column":38},"end":{"line":78,"column":85}}],"line":78},"4":{"loc":{"start":{"line":108,"column":4},"end":{"line":114,"column":5}},"type":"if","locations":[{"start":{"line":108,"column":4},"end":{"line":114,"column":5}},{"start":{},"end":{}}],"line":108},"5":{"loc":{"start":{"line":121,"column":4},"end":{"line":121,"column":38}},"type":"if","locations":[{"start":{"line":121,"column":4},"end":{"line":121,"column":38}},{"start":{},"end":{}}],"line":121},"6":{"loc":{"start":{"line":125,"column":4},"end":{"line":153,"column":5}},"type":"if","locations":[{"start":{"line":125,"column":4},"end":{"line":153,"column":5}},{"start":{},"end":{}}],"line":125},"7":{"loc":{"start":{"line":125,"column":8},"end":{"line":125,"column":62}},"type":"binary-expr","locations":[{"start":{"line":125,"column":8},"end":{"line":125,"column":29}},{"start":{"line":125,"column":33},"end":{"line":125,"column":62}}],"line":125},"8":{"loc":{"start":{"line":135,"column":59},"end":{"line":135,"column":86}},"type":"cond-expr","locations":[{"start":{"line":135,"column":75},"end":{"line":135,"column":79}},{"start":{"line":135,"column":82},"end":{"line":135,"column":86}}],"line":135},"9":{"loc":{"start":{"line":137,"column":6},"end":{"line":152,"column":7}},"type":"if","locations":[{"start":{"line":137,"column":6},"end":{"line":152,"column":7}},{"start":{"line":142,"column":13},"end":{"line":152,"column":7}}],"line":137},"10":{"loc":{"start":{"line":149,"column":23},"end":{"line":149,"column":81}},"type":"binary-expr","locations":[{"start":{"line":149,"column":23},"end":{"line":149,"column":43}},{"start":{"line":149,"column":47},"end":{"line":149,"column":81}}],"line":149},"11":{"loc":{"start":{"line":162,"column":15},"end":{"line":164,"column":42}},"type":"cond-expr","locations":[{"start":{"line":163,"column":10},"end":{"line":163,"column":68}},{"start":{"line":164,"column":10},"end":{"line":164,"column":42}}],"line":162},"12":{"loc":{"start":{"line":187,"column":4},"end":{"line":192,"column":5}},"type":"if","locations":[{"start":{"line":187,"column":4},"end":{"line":192,"column":5}},{"start":{},"end":{}}],"line":187},"13":{"loc":{"start":{"line":195,"column":4},"end":{"line":200,"column":5}},"type":"if","locations":[{"start":{"line":195,"column":4},"end":{"line":200,"column":5}},{"start":{},"end":{}}],"line":195}},"s":{"0":5,"1":5,"2":5,"3":5,"4":2,"5":2,"6":2,"7":2,"8":2,"9":0,"10":5,"11":2,"12":2,"13":2,"14":1,"15":2,"16":2,"17":0,"18":5,"19":6,"20":6,"21":3,"22":0,"23":3,"24":1,"25":2,"26":3,"27":5,"28":2,"29":2,"30":2,"31":2,"32":2,"33":0,"34":0,"35":0,"36":0,"37":0,"38":0,"39":0,"40":0,"41":0,"42":0,"43":0,"44":0,"45":0,"46":0,"47":0,"48":0,"49":0,"50":0,"51":0,"52":0,"53":2,"54":2,"55":2,"56":5,"57":2,"58":2,"59":2,"60":0,"61":2,"62":1,"63":1,"64":1,"65":0,"66":5,"67":0,"68":0,"69":0,"70":0,"71":0,"72":0,"73":0},"f":{"0":2,"1":2,"2":6,"3":2,"4":2,"5":0},"b":{"0":[1,1],"1":[0,3],"2":[1,2],"3":[3,2],"4":[0,0],"5":[0,0],"6":[0,0],"7":[0,0],"8":[0,0],"9":[0,0],"10":[0,0],"11":[0,0],"12":[0,2],"13":[1,1]},"_coverageSchema":"1a1c01bbd47fc00a2c39e90264f33305004495a9","hash":"ac9e9bef02f9bd00541a265129445c7bc2380967"}
,"C:\\Users\\aonti\\OneDrive\\trabajos tecmi\\documentos random\\proyecto_final_ids\\backend\\src\\controllers\\inventoryController.js": {"path":"C:\\Users\\aonti\\OneDrive\\trabajos tecmi\\documentos random\\proyecto_final_ids\\backend\\src\\controllers\\inventoryController.js","statementMap":{"0":{"start":{"line":1,"column":18},"end":{"line":1,"column":48}},"1":{"start":{"line":4,"column":0},"end":{"line":33,"column":2}},"2":{"start":{"line":5,"column":2},"end":{"line":32,"column":3}},"3":{"start":{"line":6,"column":38},"end":{"line":6,"column":47}},"4":{"start":{"line":7,"column":16},"end":{"line":7,"column":18}},"5":{"start":{"line":10,"column":4},"end":{"line":12,"column":5}},"6":{"start":{"line":11,"column":6},"end":{"line":11,"column":47}},"7":{"start":{"line":15,"column":4},"end":{"line":17,"column":5}},"8":{"start":{"line":16,"column":6},"end":{"line":16,"column":34}},"9":{"start":{"line":19,"column":22},"end":{"line":19,"column":69}},"10":{"start":{"line":21,"column":4},"end":{"line":25,"column":7}},"11":{"start":{"line":27,"column":4},"end":{"line":31,"column":7}},"12":{"start":{"line":36,"column":0},"end":{"line":58,"column":2}},"13":{"start":{"line":37,"column":2},"end":{"line":57,"column":3}},"14":{"start":{"line":38,"column":17},"end":{"line":38,"column":56}},"15":{"start":{"line":40,"column":4},"end":{"line":45,"column":5}},"16":{"start":{"line":41,"column":6},"end":{"line":44,"column":9}},"17":{"start":{"line":47,"column":4},"end":{"line":50,"column":7}},"18":{"start":{"line":52,"column":4},"end":{"line":56,"column":7}},"19":{"start":{"line":61,"column":0},"end":{"line":104,"column":2}},"20":{"start":{"line":62,"column":2},"end":{"line":103,"column":3}},"21":{"start":{"line":63,"column":65},"end":{"line":63,"column":73}},"22":{"start":{"line":66,"column":25},"end":{"line":70,"column":6}},"23":{"start":{"line":72,"column":4},"end":{"line":82,"column":5}},"24":{"start":{"line":73,"column":6},"end":{"line":81,"column":9}},"25":{"start":{"line":84,"column":17},"end":{"line":90,"column":6}},"26":{"start":{"line":92,"column":4},"end":{"line":96,"column":7}},"27":{"start":{"line":98,"column":4},"end":{"line":102,"column":7}},"28":{"start":{"line":107,"column":0},"end":{"line":142,"column":2}},"29":{"start":{"line":108,"column":2},"end":{"line":141,"column":3}},"30":{"start":{"line":109,"column":77},"end":{"line":109,"column":85}},"31":{"start":{"line":111,"column":17},"end":{"line":111,"column":56}},"32":{"start":{"line":113,"column":4},"end":{"line":118,"column":5}},"33":{"start":{"line":114,"column":6},"end":{"line":117,"column":9}},"34":{"start":{"line":121,"column":4},"end":{"line":121,"column":37}},"35":{"start":{"line":121,"column":16},"end":{"line":121,"column":37}},"36":{"start":{"line":122,"column":4},"end":{"line":122,"column":46}},"37":{"start":{"line":122,"column":19},"end":{"line":122,"column":46}},"38":{"start":{"line":123,"column":4},"end":{"line":123,"column":57}},"39":{"start":{"line":123,"column":32},"end":{"line":123,"column":57}},"40":{"start":{"line":124,"column":4},"end":{"line":124,"column":37}},"41":{"start":{"line":124,"column":16},"end":{"line":124,"column":37}},"42":{"start":{"line":125,"column":4},"end":{"line":125,"column":66}},"43":{"start":{"line":125,"column":35},"end":{"line":125,"column":66}},"44":{"start":{"line":126,"column":4},"end":{"line":126,"column":63}},"45":{"start":{"line":126,"column":34},"end":{"line":126,"column":63}},"46":{"start":{"line":128,"column":4},"end":{"line":128,"column":22}},"47":{"start":{"line":130,"column":4},"end":{"line":134,"column":7}},"48":{"start":{"line":136,"column":4},"end":{"line":140,"column":7}},"49":{"start":{"line":145,"column":0},"end":{"line":169,"column":2}},"50":{"start":{"line":146,"column":2},"end":{"line":168,"column":3}},"51":{"start":{"line":147,"column":17},"end":{"line":147,"column":56}},"52":{"start":{"line":149,"column":4},"end":{"line":154,"column":5}},"53":{"start":{"line":150,"column":6},"end":{"line":153,"column":9}},"54":{"start":{"line":156,"column":4},"end":{"line":156,"column":27}},"55":{"start":{"line":158,"column":4},"end":{"line":161,"column":7}},"56":{"start":{"line":163,"column":4},"end":{"line":167,"column":7}},"57":{"start":{"line":172,"column":0},"end":{"line":216,"column":2}},"58":{"start":{"line":173,"column":2},"end":{"line":215,"column":3}},"59":{"start":{"line":174,"column":36},"end":{"line":174,"column":44}},"60":{"start":{"line":176,"column":17},"end":{"line":176,"column":56}},"61":{"start":{"line":178,"column":4},"end":{"line":183,"column":5}},"62":{"start":{"line":179,"column":6},"end":{"line":182,"column":9}},"63":{"start":{"line":185,"column":4},"end":{"line":200,"column":5}},"64":{"start":{"line":186,"column":6},"end":{"line":186,"column":32}},"65":{"start":{"line":187,"column":11},"end":{"line":200,"column":5}},"66":{"start":{"line":188,"column":6},"end":{"line":193,"column":7}},"67":{"start":{"line":189,"column":8},"end":{"line":192,"column":11}},"68":{"start":{"line":194,"column":6},"end":{"line":194,"column":32}},"69":{"start":{"line":196,"column":6},"end":{"line":199,"column":9}},"70":{"start":{"line":202,"column":4},"end":{"line":202,"column":22}},"71":{"start":{"line":204,"column":4},"end":{"line":208,"column":7}},"72":{"start":{"line":210,"column":4},"end":{"line":214,"column":7}},"73":{"start":{"line":219,"column":0},"end":{"line":251,"column":2}},"74":{"start":{"line":220,"column":2},"end":{"line":250,"column":3}},"75":{"start":{"line":221,"column":23},"end":{"line":221,"column":55}},"76":{"start":{"line":222,"column":27},"end":{"line":222,"column":101}},"77":{"start":{"line":223,"column":23},"end":{"line":223,"column":70}},"78":{"start":{"line":225,"column":26},"end":{"line":233,"column":6}},"79":{"start":{"line":235,"column":4},"end":{"line":243,"column":7}},"80":{"start":{"line":245,"column":4},"end":{"line":249,"column":7}}},"fnMap":{"0":{"name":"(anonymous_0)","decl":{"start":{"line":4,"column":23},"end":{"line":4,"column":24}},"loc":{"start":{"line":4,"column":43},"end":{"line":33,"column":1}},"line":4},"1":{"name":"(anonymous_1)","decl":{"start":{"line":36,"column":27},"end":{"line":36,"column":28}},"loc":{"start":{"line":36,"column":47},"end":{"line":58,"column":1}},"line":36},"2":{"name":"(anonymous_2)","decl":{"start":{"line":61,"column":30},"end":{"line":61,"column":31}},"loc":{"start":{"line":61,"column":50},"end":{"line":104,"column":1}},"line":61},"3":{"name":"(anonymous_3)","decl":{"start":{"line":107,"column":30},"end":{"line":107,"column":31}},"loc":{"start":{"line":107,"column":50},"end":{"line":142,"column":1}},"line":107},"4":{"name":"(anonymous_4)","decl":{"start":{"line":145,"column":30},"end":{"line":145,"column":31}},"loc":{"start":{"line":145,"column":50},"end":{"line":169,"column":1}},"line":145},"5":{"name":"(anonymous_5)","decl":{"start":{"line":172,"column":26},"end":{"line":172,"column":27}},"loc":{"start":{"line":172,"column":46},"end":{"line":216,"column":1}},"line":172},"6":{"name":"(anonymous_6)","decl":{"start":{"line":219,"column":28},"end":{"line":219,"column":29}},"loc":{"start":{"line":219,"column":48},"end":{"line":251,"column":1}},"line":219}},"branchMap":{"0":{"loc":{"start":{"line":10,"column":4},"end":{"line":12,"column":5}},"type":"if","locations":[{"start":{"line":10,"column":4},"end":{"line":12,"column":5}},{"start":{},"end":{}}],"line":10},"1":{"loc":{"start":{"line":15,"column":4},"end":{"line":17,"column":5}},"type":"if","locations":[{"start":{"line":15,"column":4},"end":{"line":17,"column":5}},{"start":{},"end":{}}],"line":15},"2":{"loc":{"start":{"line":40,"column":4},"end":{"line":45,"column":5}},"type":"if","locations":[{"start":{"line":40,"column":4},"end":{"line":45,"column":5}},{"start":{},"end":{}}],"line":40},"3":{"loc":{"start":{"line":72,"column":4},"end":{"line":82,"column":5}},"type":"if","locations":[{"start":{"line":72,"column":4},"end":{"line":82,"column":5}},{"start":{},"end":{}}],"line":72},"4":{"loc":{"start":{"line":113,"column":4},"end":{"line":118,"column":5}},"type":"if","locations":[{"start":{"line":113,"column":4},"end":{"line":118,"column":5}},{"start":{},"end":{}}],"line":113},"5":{"loc":{"start":{"line":121,"column":4},"end":{"line":121,"column":37}},"type":"if","locations":[{"start":{"line":121,"column":4},"end":{"line":121,"column":37}},{"start":{},"end":{}}],"line":121},"6":{"loc":{"start":{"line":122,"column":4},"end":{"line":122,"column":46}},"type":"if","locations":[{"start":{"line":122,"column":4},"end":{"line":122,"column":46}},{"start":{},"end":{}}],"line":122},"7":{"loc":{"start":{"line":123,"column":4},"end":{"line":123,"column":57}},"type":"if","locations":[{"start":{"line":123,"column":4},"end":{"line":123,"column":57}},{"start":{},"end":{}}],"line":123},"8":{"loc":{"start":{"line":124,"column":4},"end":{"line":124,"column":37}},"type":"if","locations":[{"start":{"line":124,"column":4},"end":{"line":124,"column":37}},{"start":{},"end":{}}],"line":124},"9":{"loc":{"start":{"line":125,"column":4},"end":{"line":125,"column":66}},"type":"if","locations":[{"start":{"line":125,"column":4},"end":{"line":125,"column":66}},{"start":{},"end":{}}],"line":125},"10":{"loc":{"start":{"line":126,"column":4},"end":{"line":126,"column":63}},"type":"if","locations":[{"start":{"line":126,"column":4},"end":{"line":126,"column":63}},{"start":{},"end":{}}],"line":126},"11":{"loc":{"start":{"line":149,"column":4},"end":{"line":154,"column":5}},"type":"if","locations":[{"start":{"line":149,"column":4},"end":{"line":154,"column":5}},{"start":{},"end":{}}],"line":149},"12":{"loc":{"start":{"line":178,"column":4},"end":{"line":183,"column":5}},"type":"if","locations":[{"start":{"line":178,"column":4},"end":{"line":183,"column":5}},{"start":{},"end":{}}],"line":178},"13":{"loc":{"start":{"line":185,"column":4},"end":{"line":200,"column":5}},"type":"if","locations":[{"start":{"line":185,"column":4},"end":{"line":200,"column":5}},{"start":{"line":187,"column":11},"end":{"line":200,"column":5}}],"line":185},"14":{"loc":{"start":{"line":187,"column":11},"end":{"line":200,"column":5}},"type":"if","locations":[{"start":{"line":187,"column":11},"end":{"line":200,"column":5}},{"start":{"line":195,"column":11},"end":{"line":200,"column":5}}],"line":187},"15":{"loc":{"start":{"line":188,"column":6},"end":{"line":193,"column":7}},"type":"if","locations":[{"start":{"line":188,"column":6},"end":{"line":193,"column":7}},{"start":{},"end":{}}],"line":188},"16":{"loc":{"start":{"line":206,"column":27},"end":{"line":206,"column":71}},"type":"cond-expr","locations":[{"start":{"line":206,"column":49},"end":{"line":206,"column":59}},{"start":{"line":206,"column":62},"end":{"line":206,"column":71}}],"line":206}},"s":{"0":5,"1":5,"2":3,"3":3,"4":3,"5":3,"6":1,"7":3,"8":1,"9":3,"10":3,"11":0,"12":5,"13":3,"14":3,"15":1,"16":0,"17":1,"18":2,"19":5,"20":2,"21":2,"22":2,"23":2,"24":1,"25":1,"26":1,"27":0,"28":5,"29":1,"30":1,"31":1,"32":1,"33":0,"34":1,"35":1,"36":1,"37":0,"38":1,"39":1,"40":1,"41":0,"42":1,"43":0,"44":1,"45":0,"46":1,"47":1,"48":0,"49":5,"50":1,"51":1,"52":1,"53":0,"54":1,"55":1,"56":0,"57":5,"58":3,"59":3,"60":3,"61":3,"62":0,"63":3,"64":1,"65":2,"66":2,"67":1,"68":1,"69":0,"70":2,"71":2,"72":0,"73":5,"74":0,"75":0,"76":0,"77":0,"78":0,"79":0,"80":0},"f":{"0":3,"1":3,"2":2,"3":1,"4":1,"5":3,"6":0},"b":{"0":[1,2],"1":[1,2],"2":[0,1],"3":[1,1],"4":[0,1],"5":[1,0],"6":[0,1],"7":[1,0],"8":[0,1],"9":[0,1],"10":[0,1],"11":[0,1],"12":[0,3],"13":[1,2],"14":[2,0],"15":[1,1],"16":[1,1]},"_coverageSchema":"1a1c01bbd47fc00a2c39e90264f33305004495a9","hash":"5d167754eec7bae1a65144fc63295f40837caf00"}
,"C:\\Users\\aonti\\OneDrive\\trabajos tecmi\\documentos random\\proyecto_final_ids\\backend\\src\\controllers\\requestController.js": {"path":"C:\\Users\\aonti\\OneDrive\\trabajos tecmi\\documentos random\\proyecto_final_ids\\backend\\src\\controllers\\requestController.js","statementMap":{"0":{"start":{"line":1,"column":16},"end":{"line":1,"column":44}},"1":{"start":{"line":2,"column":18},"end":{"line":2,"column":48}},"2":{"start":{"line":5,"column":0},"end":{"line":73,"column":2}},"3":{"start":{"line":6,"column":2},"end":{"line":72,"column":3}},"4":{"start":{"line":7,"column":48},"end":{"line":7,"column":56}},"5":{"start":{"line":10,"column":26},"end":{"line":13,"column":6}},"6":{"start":{"line":15,"column":4},"end":{"line":20,"column":5}},"7":{"start":{"line":16,"column":6},"end":{"line":19,"column":9}},"8":{"start":{"line":23,"column":26},"end":{"line":23,"column":60}},"9":{"start":{"line":25,"column":4},"end":{"line":30,"column":5}},"10":{"start":{"line":26,"column":6},"end":{"line":29,"column":9}},"11":{"start":{"line":33,"column":4},"end":{"line":38,"column":5}},"12":{"start":{"line":34,"column":6},"end":{"line":37,"column":9}},"13":{"start":{"line":41,"column":4},"end":{"line":46,"column":5}},"14":{"start":{"line":42,"column":6},"end":{"line":45,"column":9}},"15":{"start":{"line":48,"column":20},"end":{"line":54,"column":6}},"16":{"start":{"line":56,"column":4},"end":{"line":59,"column":7}},"17":{"start":{"line":61,"column":4},"end":{"line":65,"column":7}},"18":{"start":{"line":67,"column":4},"end":{"line":71,"column":7}},"19":{"start":{"line":76,"column":0},"end":{"line":102,"column":2}},"20":{"start":{"line":77,"column":2},"end":{"line":101,"column":3}},"21":{"start":{"line":78,"column":16},"end":{"line":78,"column":18}},"22":{"start":{"line":81,"column":4},"end":{"line":83,"column":5}},"23":{"start":{"line":82,"column":6},"end":{"line":82,"column":34}},"24":{"start":{"line":85,"column":21},"end":{"line":88,"column":35}},"25":{"start":{"line":90,"column":4},"end":{"line":94,"column":7}},"26":{"start":{"line":96,"column":4},"end":{"line":100,"column":7}},"27":{"start":{"line":105,"column":0},"end":{"line":137,"column":2}},"28":{"start":{"line":106,"column":2},"end":{"line":136,"column":3}},"29":{"start":{"line":107,"column":20},"end":{"line":109,"column":75}},"30":{"start":{"line":111,"column":4},"end":{"line":116,"column":5}},"31":{"start":{"line":112,"column":6},"end":{"line":115,"column":9}},"32":{"start":{"line":119,"column":4},"end":{"line":124,"column":5}},"33":{"start":{"line":120,"column":6},"end":{"line":123,"column":9}},"34":{"start":{"line":126,"column":4},"end":{"line":129,"column":7}},"35":{"start":{"line":131,"column":4},"end":{"line":135,"column":7}},"36":{"start":{"line":140,"column":0},"end":{"line":202,"column":2}},"37":{"start":{"line":141,"column":2},"end":{"line":201,"column":3}},"38":{"start":{"line":142,"column":38},"end":{"line":142,"column":46}},"39":{"start":{"line":144,"column":20},"end":{"line":145,"column":27}},"40":{"start":{"line":147,"column":4},"end":{"line":152,"column":5}},"41":{"start":{"line":148,"column":6},"end":{"line":151,"column":9}},"42":{"start":{"line":155,"column":4},"end":{"line":160,"column":5}},"43":{"start":{"line":156,"column":6},"end":{"line":159,"column":9}},"44":{"start":{"line":163,"column":4},"end":{"line":168,"column":5}},"45":{"start":{"line":164,"column":6},"end":{"line":167,"column":9}},"46":{"start":{"line":171,"column":4},"end":{"line":176,"column":5}},"47":{"start":{"line":172,"column":6},"end":{"line":175,"column":9}},"48":{"start":{"line":178,"column":4},"end":{"line":178,"column":46}},"49":{"start":{"line":178,"column":18},"end":{"line":178,"column":46}},"50":{"start":{"line":179,"column":4},"end":{"line":179,"column":55}},"51":{"start":{"line":179,"column":21},"end":{"line":179,"column":55}},"52":{"start":{"line":182,"column":4},"end":{"line":182,"column":33}},"53":{"start":{"line":183,"column":4},"end":{"line":183,"column":25}},"54":{"start":{"line":185,"column":4},"end":{"line":188,"column":7}},"55":{"start":{"line":190,"column":4},"end":{"line":194,"column":7}},"56":{"start":{"line":196,"column":4},"end":{"line":200,"column":7}},"57":{"start":{"line":205,"column":0},"end":{"line":266,"column":2}},"58":{"start":{"line":206,"column":2},"end":{"line":265,"column":3}},"59":{"start":{"line":207,"column":45},"end":{"line":207,"column":53}},"60":{"start":{"line":209,"column":20},"end":{"line":210,"column":27}},"61":{"start":{"line":212,"column":4},"end":{"line":217,"column":5}},"62":{"start":{"line":213,"column":6},"end":{"line":216,"column":9}},"63":{"start":{"line":219,"column":22},"end":{"line":219,"column":36}},"64":{"start":{"line":220,"column":4},"end":{"line":220,"column":28}},"65":{"start":{"line":222,"column":4},"end":{"line":222,"column":61}},"66":{"start":{"line":222,"column":23},"end":{"line":222,"column":61}},"67":{"start":{"line":223,"column":4},"end":{"line":223,"column":37}},"68":{"start":{"line":223,"column":15},"end":{"line":223,"column":37}},"69":{"start":{"line":226,"column":4},"end":{"line":238,"column":5}},"70":{"start":{"line":227,"column":28},"end":{"line":227,"column":74}},"71":{"start":{"line":229,"column":6},"end":{"line":234,"column":7}},"72":{"start":{"line":230,"column":8},"end":{"line":233,"column":11}},"73":{"start":{"line":236,"column":6},"end":{"line":236,"column":49}},"74":{"start":{"line":237,"column":6},"end":{"line":237,"column":33}},"75":{"start":{"line":241,"column":4},"end":{"line":245,"column":5}},"76":{"start":{"line":242,"column":28},"end":{"line":242,"column":74}},"77":{"start":{"line":243,"column":6},"end":{"line":243,"column":49}},"78":{"start":{"line":244,"column":6},"end":{"line":244,"column":33}},"79":{"start":{"line":247,"column":4},"end":{"line":247,"column":25}},"80":{"start":{"line":249,"column":4},"end":{"line":252,"column":7}},"81":{"start":{"line":254,"column":4},"end":{"line":258,"column":7}},"82":{"start":{"line":260,"column":4},"end":{"line":264,"column":7}},"83":{"start":{"line":269,"column":0},"end":{"line":319,"column":2}},"84":{"start":{"line":270,"column":2},"end":{"line":318,"column":3}},"85":{"start":{"line":271,"column":20},"end":{"line":271,"column":57}},"86":{"start":{"line":273,"column":4},"end":{"line":278,"column":5}},"87":{"start":{"line":274,"column":6},"end":{"line":277,"column":9}},"88":{"start":{"line":281,"column":4},"end":{"line":295,"column":5}},"89":{"start":{"line":282,"column":6},"end":{"line":287,"column":7}},"90":{"start":{"line":283,"column":8},"end":{"line":286,"column":11}},"91":{"start":{"line":289,"column":6},"end":{"line":294,"column":7}},"92":{"start":{"line":290,"column":8},"end":{"line":293,"column":11}},"93":{"start":{"line":298,"column":4},"end":{"line":304,"column":5}},"94":{"start":{"line":299,"column":28},"end":{"line":299,"column":70}},"95":{"start":{"line":300,"column":6},"end":{"line":303,"column":7}},"96":{"start":{"line":301,"column":8},"end":{"line":301,"column":51}},"97":{"start":{"line":302,"column":8},"end":{"line":302,"column":35}},"98":{"start":{"line":306,"column":4},"end":{"line":306,"column":30}},"99":{"start":{"line":308,"column":4},"end":{"line":311,"column":7}},"100":{"start":{"line":313,"column":4},"end":{"line":317,"column":7}}},"fnMap":{"0":{"name":"(anonymous_0)","decl":{"start":{"line":5,"column":24},"end":{"line":5,"column":25}},"loc":{"start":{"line":5,"column":44},"end":{"line":73,"column":1}},"line":5},"1":{"name":"(anonymous_1)","decl":{"start":{"line":76,"column":22},"end":{"line":76,"column":23}},"loc":{"start":{"line":76,"column":42},"end":{"line":102,"column":1}},"line":76},"2":{"name":"(anonymous_2)","decl":{"start":{"line":105,"column":21},"end":{"line":105,"column":22}},"loc":{"start":{"line":105,"column":41},"end":{"line":137,"column":1}},"line":105},"3":{"name":"(anonymous_3)","decl":{"start":{"line":140,"column":24},"end":{"line":140,"column":25}},"loc":{"start":{"line":140,"column":44},"end":{"line":202,"column":1}},"line":140},"4":{"name":"(anonymous_4)","decl":{"start":{"line":205,"column":30},"end":{"line":205,"column":31}},"loc":{"start":{"line":205,"column":50},"end":{"line":266,"column":1}},"line":205},"5":{"name":"(anonymous_5)","decl":{"start":{"line":269,"column":24},"end":{"line":269,"column":25}},"loc":{"start":{"line":269,"column":44},"end":{"line":319,"column":1}},"line":269}},"branchMap":{"0":{"loc":{"start":{"line":15,"column":4},"end":{"line":20,"column":5}},"type":"if","locations":[{"start":{"line":15,"column":4},"end":{"line":20,"column":5}},{"start":{},"end":{}}],"line":15},"1":{"loc":{"start":{"line":25,"column":4},"end":{"line":30,"column":5}},"type":"if","locations":[{"start":{"line":25,"column":4},"end":{"line":30,"column":5}},{"start":{},"end":{}}],"line":25},"2":{"loc":{"start":{"line":33,"column":4},"end":{"line":38,"column":5}},"type":"if","locations":[{"start":{"line":33,"column":4},"end":{"line":38,"column":5}},{"start":{},"end":{}}],"line":33},"3":{"loc":{"start":{"line":41,"column":4},"end":{"line":46,"column":5}},"type":"if","locations":[{"start":{"line":41,"column":4},"end":{"line":46,"column":5}},{"start":{},"end":{}}],"line":41},"4":{"loc":{"start":{"line":81,"column":4},"end":{"line":83,"column":5}},"type":"if","locations":[{"start":{"line":81,"column":4},"end":{"line":83,"column":5}},{"start":{},"end":{}}],"line":81},"5":{"loc":{"start":{"line":111,"column":4},"end":{"line":116,"column":5}},"type":"if","locations":[{"start":{"line":111,"column":4},"end":{"line":116,"column":5}},{"start":{},"end":{}}],"line":111},"6":{"loc":{"start":{"line":119,"column":4},"end":{"line":124,"column":5}},"type":"if","locations":[{"start":{"line":119,"column":4},"end":{"line":124,"column":5}},{"start":{},"end":{}}],"line":119},"7":{"loc":{"start":{"line":119,"column":8},"end":{"line":119,"column":84}},"type":"binary-expr","locations":[{"start":{"line":119,"column":8},"end":{"line":119,"column":34}},{"start":{"line":119,"column":38},"end":{"line":119,"column":84}}],"line":119},"8":{"loc":{"start":{"line":147,"column":4},"end":{"line":152,"column":5}},"type":"if","locations":[{"start":{"line":147,"column":4},"end":{"line":152,"column":5}},{"start":{},"end":{}}],"line":147},"9":{"loc":{"start":{"line":155,"column":4},"end":{"line":160,"column":5}},"type":"if","locations":[{"start":{"line":155,"column":4},"end":{"line":160,"column":5}},{"start":{},"end":{}}],"line":155},"10":{"loc":{"start":{"line":155,"column":8},"end":{"line":155,"column":80}},"type":"binary-expr","locations":[{"start":{"line":155,"column":8},"end":{"line":155,"column":34}},{"start":{"line":155,"column":38},"end":{"line":155,"column":80}}],"line":155},"11":{"loc":{"start":{"line":163,"column":4},"end":{"line":168,"column":5}},"type":"if","locations":[{"start":{"line":163,"column":4},"end":{"line":168,"column":5}},{"start":{},"end":{}}],"line":163},"12":{"loc":{"start":{"line":171,"column":4},"end":{"line":176,"column":5}},"type":"if","locations":[{"start":{"line":171,"column":4},"end":{"line":176,"column":5}},{"start":{},"end":{}}],"line":171},"13":{"loc":{"start":{"line":171,"column":8},"end":{"line":171,"column":56}},"type":"binary-expr","locations":[{"start":{"line":171,"column":8},"end":{"line":171,"column":16}},{"start":{"line":171,"column":20},"end":{"line":171,"column":56}}],"line":171},"14":{"loc":{"start":{"line":178,"column":4},"end":{"line":178,"column":46}},"type":"if","locations":[{"start":{"line":178,"column":4},"end":{"line":178,"column":46}},{"start":{},"end":{}}],"line":178},"15":{"loc":{"start":{"line":179,"column":4},"end":{"line":179,"column":55}},"type":"if","locations":[{"start":{"line":179,"column":4},"end":{"line":179,"column":55}},{"start":{},"end":{}}],"line":179},"16":{"loc":{"start":{"line":212,"column":4},"end":{"line":217,"column":5}},"type":"if","locations":[{"start":{"line":212,"column":4},"end":{"line":217,"column":5}},{"start":{},"end":{}}],"line":212},"17":{"loc":{"start":{"line":222,"column":4},"end":{"line":222,"column":61}},"type":"if","locations":[{"start":{"line":222,"column":4},"end":{"line":222,"column":61}},{"start":{},"end":{}}],"line":222},"18":{"loc":{"start":{"line":223,"column":4},"end":{"line":223,"column":37}},"type":"if","locations":[{"start":{"line":223,"column":4},"end":{"line":223,"column":37}},{"start":{},"end":{}}],"line":223},"19":{"loc":{"start":{"line":226,"column":4},"end":{"line":238,"column":5}},"type":"if","locations":[{"start":{"line":226,"column":4},"end":{"line":238,"column":5}},{"start":{},"end":{}}],"line":226},"20":{"loc":{"start":{"line":226,"column":8},"end":{"line":226,"column":58}},"type":"binary-expr","locations":[{"start":{"line":226,"column":8},"end":{"line":226,"column":29}},{"start":{"line":226,"column":33},"end":{"line":226,"column":58}}],"line":226},"21":{"loc":{"start":{"line":229,"column":6},"end":{"line":234,"column":7}},"type":"if","locations":[{"start":{"line":229,"column":6},"end":{"line":234,"column":7}},{"start":{},"end":{}}],"line":229},"22":{"loc":{"start":{"line":241,"column":4},"end":{"line":245,"column":5}},"type":"if","locations":[{"start":{"line":241,"column":4},"end":{"line":245,"column":5}},{"start":{},"end":{}}],"line":241},"23":{"loc":{"start":{"line":241,"column":8},"end":{"line":241,"column":58}},"type":"binary-expr","locations":[{"start":{"line":241,"column":8},"end":{"line":241,"column":30}},{"start":{"line":241,"column":34},"end":{"line":241,"column":58}}],"line":241},"24":{"loc":{"start":{"line":273,"column":4},"end":{"line":278,"column":5}},"type":"if","locations":[{"start":{"line":273,"column":4},"end":{"line":278,"column":5}},{"start":{},"end":{}}],"line":273},"25":{"loc":{"start":{"line":281,"column":4},"end":{"line":295,"column":5}},"type":"if","locations":[{"start":{"line":281,"column":4},"end":{"line":295,"column":5}},{"start":{},"end":{}}],"line":281},"26":{"loc":{"start":{"line":282,"column":6},"end":{"line":287,"column":7}},"type":"if","locations":[{"start":{"line":282,"column":6},"end":{"line":287,"column":7}},{"start":{},"end":{}}],"line":282},"27":{"loc":{"start":{"line":289,"column":6},"end":{"line":294,"column":7}},"type":"if","locations":[{"start":{"line":289,"column":6},"end":{"line":294,"column":7}},{"start":{},"end":{}}],"line":289},"28":{"loc":{"start":{"line":298,"column":4},"end":{"line":304,"column":5}},"type":"if","locations":[{"start":{"line":298,"column":4},"end":{"line":304,"column":5}},{"start":{},"end":{}}],"line":298},"29":{"loc":{"start":{"line":300,"column":6},"end":{"line":303,"column":7}},"type":"if","locations":[{"start":{"line":300,"column":6},"end":{"line":303,"column":7}},{"start":{},"end":{}}],"line":300}},"s":{"0":5,"1":5,"2":5,"3":5,"4":5,"5":5,"6":5,"7":1,"8":4,"9":4,"10":1,"11":3,"12":1,"13":2,"14":1,"15":1,"16":1,"17":1,"18":0,"19":5,"20":2,"21":2,"22":2,"23":1,"24":2,"25":2,"26":0,"27":5,"28":3,"29":3,"30":3,"31":0,"32":3,"33":1,"34":2,"35":0,"36":5,"37":3,"38":3,"39":3,"40":3,"41":0,"42":3,"43":0,"44":3,"45":1,"46":2,"47":1,"48":1,"49":1,"50":1,"51":1,"52":1,"53":1,"54":1,"55":1,"56":0,"57":5,"58":5,"59":5,"60":5,"61":5,"62":0,"63":5,"64":5,"65":5,"66":1,"67":5,"68":0,"69":5,"70":3,"71":3,"72":0,"73":3,"74":3,"75":5,"76":1,"77":1,"78":1,"79":5,"80":5,"81":5,"82":0,"83":5,"84":4,"85":4,"86":4,"87":0,"88":4,"89":2,"90":0,"91":2,"92":1,"93":3,"94":2,"95":2,"96":2,"97":2,"98":3,"99":3,"100":0},"f":{"0":5,"1":2,"2":3,"3":3,"4":5,"5":4},"b":{"0":[1,4],"1":[1,3],"2":[1,2],"3":[1,1],"4":[1,1],"5":[0,3],"6":[1,2],"7":[3,2],"8":[0,3],"9":[0,3],"10":[3,3],"11":[1,2],"12":[1,1],"13":[2,2],"14":[1,0],"15":[1,0],"16":[0,5],"17":[1,4],"18":[0,5],"19":[3,2],"20":[5,3],"21":[0,3],"22":[1,4],"23":[5,2],"24":[0,4],"25":[2,2],"26":[0,2],"27":[1,1],"28":[2,1],"29":[2,0]},"_coverageSchema":"1a1c01bbd47fc00a2c39e90264f33305004495a9","hash":"4a0203684a1eeba78001e9d384864f971489c67d"}
,"C:\\Users\\aonti\\OneDrive\\trabajos tecmi\\documentos random\\proyecto_final_ids\\backend\\src\\controllers\\userController.js": {"path":"C:\\Users\\aonti\\OneDrive\\trabajos tecmi\\documentos random\\proyecto_final_ids\\backend\\src\\controllers\\userController.js","statementMap":{"0":{"start":{"line":1,"column":13},"end":{"line":1,"column":38}},"1":{"start":{"line":4,"column":0},"end":{"line":20,"column":2}},"2":{"start":{"line":5,"column":2},"end":{"line":19,"column":3}},"3":{"start":{"line":6,"column":18},"end":{"line":6,"column":79}},"4":{"start":{"line":8,"column":4},"end":{"line":12,"column":7}},"5":{"start":{"line":14,"column":4},"end":{"line":18,"column":7}},"6":{"start":{"line":23,"column":0},"end":{"line":45,"column":2}},"7":{"start":{"line":24,"column":2},"end":{"line":44,"column":3}},"8":{"start":{"line":25,"column":17},"end":{"line":25,"column":71}},"9":{"start":{"line":27,"column":4},"end":{"line":32,"column":5}},"10":{"start":{"line":28,"column":6},"end":{"line":31,"column":9}},"11":{"start":{"line":34,"column":4},"end":{"line":37,"column":7}},"12":{"start":{"line":39,"column":4},"end":{"line":43,"column":7}},"13":{"start":{"line":48,"column":0},"end":{"line":99,"column":2}},"14":{"start":{"line":49,"column":2},"end":{"line":98,"column":3}},"15":{"start":{"line":50,"column":64},"end":{"line":50,"column":72}},"16":{"start":{"line":52,"column":17},"end":{"line":52,"column":51}},"17":{"start":{"line":54,"column":4},"end":{"line":59,"column":5}},"18":{"start":{"line":55,"column":6},"end":{"line":58,"column":9}},"19":{"start":{"line":62,"column":4},"end":{"line":67,"column":5}},"20":{"start":{"line":63,"column":6},"end":{"line":66,"column":9}},"21":{"start":{"line":70,"column":4},"end":{"line":70,"column":37}},"22":{"start":{"line":70,"column":16},"end":{"line":70,"column":37}},"23":{"start":{"line":71,"column":4},"end":{"line":71,"column":34}},"24":{"start":{"line":71,"column":15},"end":{"line":71,"column":34}},"25":{"start":{"line":72,"column":4},"end":{"line":72,"column":43}},"26":{"start":{"line":72,"column":18},"end":{"line":72,"column":43}},"27":{"start":{"line":73,"column":4},"end":{"line":73,"column":46}},"28":{"start":{"line":73,"column":19},"end":{"line":73,"column":46}},"29":{"start":{"line":74,"column":4},"end":{"line":74,"column":28}},"30":{"start":{"line":74,"column":13},"end":{"line":74,"column":28}},"31":{"start":{"line":75,"column":4},"end":{"line":75,"column":51}},"32":{"start":{"line":75,"column":30},"end":{"line":75,"column":51}},"33":{"start":{"line":77,"column":4},"end":{"line":77,"column":22}},"34":{"start":{"line":79,"column":4},"end":{"line":91,"column":7}},"35":{"start":{"line":93,"column":4},"end":{"line":97,"column":7}},"36":{"start":{"line":102,"column":0},"end":{"line":134,"column":2}},"37":{"start":{"line":103,"column":2},"end":{"line":133,"column":3}},"38":{"start":{"line":104,"column":17},"end":{"line":104,"column":51}},"39":{"start":{"line":106,"column":4},"end":{"line":111,"column":5}},"40":{"start":{"line":107,"column":6},"end":{"line":110,"column":9}},"41":{"start":{"line":114,"column":4},"end":{"line":119,"column":5}},"42":{"start":{"line":115,"column":6},"end":{"line":118,"column":9}},"43":{"start":{"line":121,"column":4},"end":{"line":121,"column":27}},"44":{"start":{"line":123,"column":4},"end":{"line":126,"column":7}},"45":{"start":{"line":128,"column":4},"end":{"line":132,"column":7}},"46":{"start":{"line":137,"column":0},"end":{"line":185,"column":2}},"47":{"start":{"line":138,"column":2},"end":{"line":184,"column":3}},"48":{"start":{"line":139,"column":20},"end":{"line":139,"column":28}},"49":{"start":{"line":141,"column":4},"end":{"line":146,"column":5}},"50":{"start":{"line":142,"column":6},"end":{"line":145,"column":9}},"51":{"start":{"line":148,"column":17},"end":{"line":148,"column":51}},"52":{"start":{"line":150,"column":4},"end":{"line":155,"column":5}},"53":{"start":{"line":151,"column":6},"end":{"line":154,"column":9}},"54":{"start":{"line":158,"column":4},"end":{"line":163,"column":5}},"55":{"start":{"line":159,"column":6},"end":{"line":162,"column":9}},"56":{"start":{"line":165,"column":4},"end":{"line":165,"column":19}},"57":{"start":{"line":166,"column":4},"end":{"line":166,"column":22}},"58":{"start":{"line":168,"column":4},"end":{"line":177,"column":7}},"59":{"start":{"line":179,"column":4},"end":{"line":183,"column":7}},"60":{"start":{"line":188,"column":0},"end":{"line":227,"column":2}},"61":{"start":{"line":189,"column":2},"end":{"line":226,"column":3}},"62":{"start":{"line":190,"column":17},"end":{"line":190,"column":51}},"63":{"start":{"line":192,"column":4},"end":{"line":197,"column":5}},"64":{"start":{"line":193,"column":6},"end":{"line":196,"column":9}},"65":{"start":{"line":200,"column":4},"end":{"line":205,"column":5}},"66":{"start":{"line":201,"column":6},"end":{"line":204,"column":9}},"67":{"start":{"line":207,"column":4},"end":{"line":207,"column":31}},"68":{"start":{"line":208,"column":4},"end":{"line":208,"column":22}},"69":{"start":{"line":210,"column":4},"end":{"line":219,"column":7}},"70":{"start":{"line":221,"column":4},"end":{"line":225,"column":7}},"71":{"start":{"line":230,"column":0},"end":{"line":254,"column":2}},"72":{"start":{"line":231,"column":2},"end":{"line":253,"column":3}},"73":{"start":{"line":232,"column":23},"end":{"line":232,"column":50}},"74":{"start":{"line":233,"column":24},"end":{"line":233,"column":67}},"75":{"start":{"line":234,"column":23},"end":{"line":234,"column":74}},"76":{"start":{"line":235,"column":25},"end":{"line":235,"column":70}},"77":{"start":{"line":237,"column":4},"end":{"line":246,"column":7}},"78":{"start":{"line":248,"column":4},"end":{"line":252,"column":7}}},"fnMap":{"0":{"name":"(anonymous_0)","decl":{"start":{"line":4,"column":22},"end":{"line":4,"column":23}},"loc":{"start":{"line":4,"column":42},"end":{"line":20,"column":1}},"line":4},"1":{"name":"(anonymous_1)","decl":{"start":{"line":23,"column":18},"end":{"line":23,"column":19}},"loc":{"start":{"line":23,"column":38},"end":{"line":45,"column":1}},"line":23},"2":{"name":"(anonymous_2)","decl":{"start":{"line":48,"column":21},"end":{"line":48,"column":22}},"loc":{"start":{"line":48,"column":41},"end":{"line":99,"column":1}},"line":48},"3":{"name":"(anonymous_3)","decl":{"start":{"line":102,"column":21},"end":{"line":102,"column":22}},"loc":{"start":{"line":102,"column":41},"end":{"line":134,"column":1}},"line":102},"4":{"name":"(anonymous_4)","decl":{"start":{"line":137,"column":25},"end":{"line":137,"column":26}},"loc":{"start":{"line":137,"column":45},"end":{"line":185,"column":1}},"line":137},"5":{"name":"(anonymous_5)","decl":{"start":{"line":188,"column":27},"end":{"line":188,"column":28}},"loc":{"start":{"line":188,"column":47},"end":{"line":227,"column":1}},"line":188},"6":{"name":"(anonymous_6)","decl":{"start":{"line":230,"column":23},"end":{"line":230,"column":24}},"loc":{"start":{"line":230,"column":43},"end":{"line":254,"column":1}},"line":230}},"branchMap":{"0":{"loc":{"start":{"line":27,"column":4},"end":{"line":32,"column":5}},"type":"if","locations":[{"start":{"line":27,"column":4},"end":{"line":32,"column":5}},{"start":{},"end":{}}],"line":27},"1":{"loc":{"start":{"line":54,"column":4},"end":{"line":59,"column":5}},"type":"if","locations":[{"start":{"line":54,"column":4},"end":{"line":59,"column":5}},{"start":{},"end":{}}],"line":54},"2":{"loc":{"start":{"line":62,"column":4},"end":{"line":67,"column":5}},"type":"if","locations":[{"start":{"line":62,"column":4},"end":{"line":67,"column":5}},{"start":{},"end":{}}],"line":62},"3":{"loc":{"start":{"line":62,"column":8},"end":{"line":62,"column":57}},"type":"binary-expr","locations":[{"start":{"line":62,"column":8},"end":{"line":62,"column":37}},{"start":{"line":62,"column":41},"end":{"line":62,"column":57}}],"line":62},"4":{"loc":{"start":{"line":70,"column":4},"end":{"line":70,"column":37}},"type":"if","locations":[{"start":{"line":70,"column":4},"end":{"line":70,"column":37}},{"start":{},"end":{}}],"line":70},"5":{"loc":{"start":{"line":71,"column":4},"end":{"line":71,"column":34}},"type":"if","locations":[{"start":{"line":71,"column":4},"end":{"line":71,"column":34}},{"start":{},"end":{}}],"line":71},"6":{"loc":{"start":{"line":72,"column":4},"end":{"line":72,"column":43}},"type":"if","locations":[{"start":{"line":72,"column":4},"end":{"line":72,"column":43}},{"start":{},"end":{}}],"line":72},"7":{"loc":{"start":{"line":73,"column":4},"end":{"line":73,"column":46}},"type":"if","locations":[{"start":{"line":73,"column":4},"end":{"line":73,"column":46}},{"start":{},"end":{}}],"line":73},"8":{"loc":{"start":{"line":74,"column":4},"end":{"line":74,"column":28}},"type":"if","locations":[{"start":{"line":74,"column":4},"end":{"line":74,"column":28}},{"start":{},"end":{}}],"line":74},"9":{"loc":{"start":{"line":75,"column":4},"end":{"line":75,"column":51}},"type":"if","locations":[{"start":{"line":75,"column":4},"end":{"line":75,"column":51}},{"start":{},"end":{}}],"line":75},"10":{"loc":{"start":{"line":106,"column":4},"end":{"line":111,"column":5}},"type":"if","locations":[{"start":{"line":106,"column":4},"end":{"line":111,"column":5}},{"start":{},"end":{}}],"line":106},"11":{"loc":{"start":{"line":114,"column":4},"end":{"line":119,"column":5}},"type":"if","locations":[{"start":{"line":114,"column":4},"end":{"line":119,"column":5}},{"start":{},"end":{}}],"line":114},"12":{"loc":{"start":{"line":141,"column":4},"end":{"line":146,"column":5}},"type":"if","locations":[{"start":{"line":141,"column":4},"end":{"line":146,"column":5}},{"start":{},"end":{}}],"line":141},"13":{"loc":{"start":{"line":150,"column":4},"end":{"line":155,"column":5}},"type":"if","locations":[{"start":{"line":150,"column":4},"end":{"line":155,"column":5}},{"start":{},"end":{}}],"line":150},"14":{"loc":{"start":{"line":158,"column":4},"end":{"line":163,"column":5}},"type":"if","locations":[{"start":{"line":158,"column":4},"end":{"line":163,"column":5}},{"start":{},"end":{}}],"line":158},"15":{"loc":{"start":{"line":192,"column":4},"end":{"line":197,"column":5}},"type":"if","locations":[{"start":{"line":192,"column":4},"end":{"line":197,"column":5}},{"start":{},"end":{}}],"line":192},"16":{"loc":{"start":{"line":200,"column":4},"end":{"line":205,"column":5}},"type":"if","locations":[{"start":{"line":200,"column":4},"end":{"line":205,"column":5}},{"start":{},"end":{}}],"line":200},"17":{"loc":{"start":{"line":212,"column":26},"end":{"line":212,"column":66}},"type":"cond-expr","locations":[{"start":{"line":212,"column":40},"end":{"line":212,"column":50}},{"start":{"line":212,"column":53},"end":{"line":212,"column":66}}],"line":212}},"s":{"0":5,"1":5,"2":1,"3":1,"4":1,"5":0,"6":5,"7":2,"8":2,"9":2,"10":1,"11":1,"12":0,"13":5,"14":2,"15":2,"16":2,"17":2,"18":0,"19":2,"20":1,"21":1,"22":1,"23":1,"24":0,"25":1,"26":1,"27":1,"28":0,"29":1,"30":0,"31":1,"32":0,"33":1,"34":1,"35":0,"36":5,"37":2,"38":2,"39":2,"40":0,"41":2,"42":1,"43":1,"44":1,"45":0,"46":5,"47":3,"48":3,"49":3,"50":1,"51":2,"52":2,"53":0,"54":2,"55":1,"56":1,"57":1,"58":1,"59":0,"60":5,"61":2,"62":2,"63":2,"64":0,"65":2,"66":1,"67":1,"68":1,"69":1,"70":0,"71":5,"72":1,"73":1,"74":1,"75":1,"76":1,"77":1,"78":0},"f":{"0":1,"1":2,"2":2,"3":2,"4":3,"5":2,"6":1},"b":{"0":[1,1],"1":[0,2],"2":[1,1],"3":[2,1],"4":[1,0],"5":[0,1],"6":[1,0],"7":[0,1],"8":[0,1],"9":[0,1],"10":[0,2],"11":[1,1],"12":[1,2],"13":[0,2],"14":[1,1],"15":[0,2],"16":[1,1],"17":[0,1]},"_coverageSchema":"1a1c01bbd47fc00a2c39e90264f33305004495a9","hash":"b813e6bf7a5456cd85933eea6955228060d9f087"}
,"C:\\Users\\aonti\\OneDrive\\trabajos tecmi\\documentos random\\proyecto_final_ids\\backend\\src\\middleware\\auth.js": {"path":"C:\\Users\\aonti\\OneDrive\\trabajos tecmi\\documentos random\\proyecto_final_ids\\backend\\src\\middleware\\auth.js","statementMap":{"0":{"start":{"line":1,"column":12},"end":{"line":1,"column":35}},"1":{"start":{"line":2,"column":13},"end":{"line":2,"column":38}},"2":{"start":{"line":5,"column":0},"end":{"line":50,"column":2}},"3":{"start":{"line":9,"column":2},"end":{"line":11,"column":3}},"4":{"start":{"line":10,"column":4},"end":{"line":10,"column":52}},"5":{"start":{"line":14,"column":2},"end":{"line":19,"column":3}},"6":{"start":{"line":15,"column":4},"end":{"line":18,"column":7}},"7":{"start":{"line":21,"column":2},"end":{"line":49,"column":3}},"8":{"start":{"line":23,"column":20},"end":{"line":23,"column":61}},"9":{"start":{"line":26,"column":4},"end":{"line":26,"column":47}},"10":{"start":{"line":28,"column":4},"end":{"line":33,"column":5}},"11":{"start":{"line":29,"column":6},"end":{"line":32,"column":9}},"12":{"start":{"line":35,"column":4},"end":{"line":40,"column":5}},"13":{"start":{"line":36,"column":6},"end":{"line":39,"column":9}},"14":{"start":{"line":42,"column":4},"end":{"line":42,"column":11}},"15":{"start":{"line":44,"column":4},"end":{"line":44,"column":49}},"16":{"start":{"line":45,"column":4},"end":{"line":48,"column":7}},"17":{"start":{"line":53,"column":0},"end":{"line":63,"column":2}},"18":{"start":{"line":54,"column":2},"end":{"line":62,"column":4}},"19":{"start":{"line":55,"column":4},"end":{"line":60,"column":5}},"20":{"start":{"line":56,"column":6},"end":{"line":59,"column":9}},"21":{"start":{"line":61,"column":4},"end":{"line":61,"column":11}},"22":{"start":{"line":66,"column":0},"end":{"line":70,"column":2}},"23":{"start":{"line":67,"column":2},"end":{"line":69,"column":5}}},"fnMap":{"0":{"name":"(anonymous_0)","decl":{"start":{"line":5,"column":18},"end":{"line":5,"column":19}},"loc":{"start":{"line":5,"column":44},"end":{"line":50,"column":1}},"line":5},"1":{"name":"(anonymous_1)","decl":{"start":{"line":53,"column":20},"end":{"line":53,"column":21}},"loc":{"start":{"line":53,"column":34},"end":{"line":63,"column":1}},"line":53},"2":{"name":"(anonymous_2)","decl":{"start":{"line":54,"column":9},"end":{"line":54,"column":10}},"loc":{"start":{"line":54,"column":29},"end":{"line":62,"column":3}},"line":54},"3":{"name":"(anonymous_3)","decl":{"start":{"line":66,"column":24},"end":{"line":66,"column":25}},"loc":{"start":{"line":66,"column":32},"end":{"line":70,"column":1}},"line":66}},"branchMap":{"0":{"loc":{"start":{"line":9,"column":2},"end":{"line":11,"column":3}},"type":"if","locations":[{"start":{"line":9,"column":2},"end":{"line":11,"column":3}},{"start":{},"end":{}}],"line":9},"1":{"loc":{"start":{"line":14,"column":2},"end":{"line":19,"column":3}},"type":"if","locations":[{"start":{"line":14,"column":2},"end":{"line":19,"column":3}},{"start":{},"end":{}}],"line":14},"2":{"loc":{"start":{"line":28,"column":4},"end":{"line":33,"column":5}},"type":"if","locations":[{"start":{"line":28,"column":4},"end":{"line":33,"column":5}},{"start":{},"end":{}}],"line":28},"3":{"loc":{"start":{"line":35,"column":4},"end":{"line":40,"column":5}},"type":"if","locations":[{"start":{"line":35,"column":4},"end":{"line":40,"column":5}},{"start":{},"end":{}}],"line":35},"4":{"loc":{"start":{"line":55,"column":4},"end":{"line":60,"column":5}},"type":"if","locations":[{"start":{"line":55,"column":4},"end":{"line":60,"column":5}},{"start":{},"end":{}}],"line":55}},"s":{"0":7,"1":7,"2":7,"3":100,"4":88,"5":100,"6":12,"7":88,"8":88,"9":84,"10":84,"11":1,"12":83,"13":1,"14":82,"15":4,"16":4,"17":7,"18":55,"19":45,"20":13,"21":32,"22":7,"23":3},"f":{"0":100,"1":55,"2":45,"3":3},"b":{"0":[88,12],"1":[12,88],"2":[1,83],"3":[1,82],"4":[13,32]},"_coverageSchema":"1a1c01bbd47fc00a2c39e90264f33305004495a9","hash":"a91c3a79bd8b133b160b360463714a18d77362fc"}
,"C:\\Users\\aonti\\OneDrive\\trabajos tecmi\\documentos random\\proyecto_final_ids\\backend\\src\\middleware\\validation.js": {"path":"C:\\Users\\aonti\\OneDrive\\trabajos tecmi\\documentos random\\proyecto_final_ids\\backend\\src\\middleware\\validation.js","statementMap":{"0":{"start":{"line":1,"column":42},"end":{"line":1,"column":70}},"1":{"start":{"line":4,"column":22},"end":{"line":13,"column":1}},"2":{"start":{"line":5,"column":2},"end":{"line":5,"column":46}},"3":{"start":{"line":5,"column":33},"end":{"line":5,"column":46}},"4":{"start":{"line":8,"column":2},"end":{"line":12,"column":12}},"5":{"start":{"line":16,"column":0},"end":{"line":25,"column":2}},"6":{"start":{"line":17,"column":2},"end":{"line":23,"column":3}},"7":{"start":{"line":18,"column":4},"end":{"line":22,"column":7}},"8":{"start":{"line":19,"column":6},"end":{"line":21,"column":7}},"9":{"start":{"line":20,"column":8},"end":{"line":20,"column":53}},"10":{"start":{"line":24,"column":2},"end":{"line":24,"column":9}},"11":{"start":{"line":28,"column":0},"end":{"line":49,"column":2}},"12":{"start":{"line":52,"column":0},"end":{"line":61,"column":2}},"13":{"start":{"line":64,"column":0},"end":{"line":82,"column":2}},"14":{"start":{"line":85,"column":0},"end":{"line":93,"column":2}},"15":{"start":{"line":96,"column":0},"end":{"line":114,"column":2}},"16":{"start":{"line":117,"column":0},"end":{"line":131,"column":2}},"17":{"start":{"line":118,"column":17},"end":{"line":118,"column":38}},"18":{"start":{"line":120,"column":2},"end":{"line":128,"column":3}},"19":{"start":{"line":121,"column":4},"end":{"line":127,"column":7}},"20":{"start":{"line":123,"column":41},"end":{"line":126,"column":7}},"21":{"start":{"line":130,"column":2},"end":{"line":130,"column":9}}},"fnMap":{"0":{"name":"(anonymous_0)","decl":{"start":{"line":4,"column":22},"end":{"line":4,"column":23}},"loc":{"start":{"line":4,"column":33},"end":{"line":13,"column":1}},"line":4},"1":{"name":"(anonymous_1)","decl":{"start":{"line":16,"column":23},"end":{"line":16,"column":24}},"loc":{"start":{"line":16,"column":43},"end":{"line":25,"column":1}},"line":16},"2":{"name":"(anonymous_2)","decl":{"start":{"line":18,"column":34},"end":{"line":18,"column":35}},"loc":{"start":{"line":18,"column":41},"end":{"line":22,"column":5}},"line":18},"3":{"name":"(anonymous_3)","decl":{"start":{"line":117,"column":33},"end":{"line":117,"column":34}},"loc":{"start":{"line":117,"column":53},"end":{"line":131,"column":1}},"line":117},"4":{"name":"(anonymous_4)","decl":{"start":{"line":123,"column":33},"end":{"line":123,"column":34}},"loc":{"start":{"line":123,"column":41},"end":{"line":126,"column":7}},"line":123}},"branchMap":{"0":{"loc":{"start":{"line":5,"column":2},"end":{"line":5,"column":46}},"type":"if","locations":[{"start":{"line":5,"column":2},"end":{"line":5,"column":46}},{"start":{},"end":{}}],"line":5},"1":{"loc":{"start":{"line":17,"column":2},"end":{"line":23,"column":3}},"type":"if","locations":[{"start":{"line":17,"column":2},"end":{"line":23,"column":3}},{"start":{},"end":{}}],"line":17},"2":{"loc":{"start":{"line":19,"column":6},"end":{"line":21,"column":7}},"type":"if","locations":[{"start":{"line":19,"column":6},"end":{"line":21,"column":7}},{"start":{},"end":{}}],"line":19},"3":{"loc":{"start":{"line":120,"column":2},"end":{"line":128,"column":3}},"type":"if","locations":[{"start":{"line":120,"column":2},"end":{"line":128,"column":3}},{"start":{},"end":{}}],"line":120}},"s":{"0":5,"1":5,"2":66,"3":0,"4":66,"5":5,"6":35,"7":35,"8":83,"9":66,"10":35,"11":5,"12":5,"13":5,"14":5,"15":5,"16":5,"17":15,"18":15,"19":4,"20":8,"21":11},"f":{"0":66,"1":35,"2":83,"3":15,"4":8},"b":{"0":[0,66],"1":[35,0],"2":[66,17],"3":[4,11]},"_coverageSchema":"1a1c01bbd47fc00a2c39e90264f33305004495a9","hash":"21d0d124314fe88be8762ab403b0e66553857827"}
,"C:\\Users\\aonti\\OneDrive\\trabajos tecmi\\documentos random\\proyecto_final_ids\\backend\\src\\models\\Donation.js": {"path":"C:\\Users\\aonti\\OneDrive\\trabajos tecmi\\documentos random\\proyecto_final_ids\\backend\\src\\models\\Donation.js","statementMap":{"0":{"start":{"line":1,"column":17},"end":{"line":1,"column":36}},"1":{"start":{"line":3,"column":23},"end":{"line":56,"column":2}},"2":{"start":{"line":59,"column":0},"end":{"line":62,"column":3}},"3":{"start":{"line":60,"column":2},"end":{"line":60,"column":39}},"4":{"start":{"line":61,"column":2},"end":{"line":61,"column":9}},"5":{"start":{"line":64,"column":0},"end":{"line":64,"column":60}}},"fnMap":{"0":{"name":"(anonymous_0)","decl":{"start":{"line":59,"column":27},"end":{"line":59,"column":28}},"loc":{"start":{"line":59,"column":42},"end":{"line":62,"column":1}},"line":59}},"branchMap":{},"s":{"0":5,"1":5,"2":5,"3":25,"4":25,"5":5},"f":{"0":25},"b":{},"_coverageSchema":"1a1c01bbd47fc00a2c39e90264f33305004495a9","hash":"8bf30ef76554e587975b6eb280c698fb15da55ae"}
,"C:\\Users\\aonti\\OneDrive\\trabajos tecmi\\documentos random\\proyecto_final_ids\\backend\\src\\models\\Inventory.js": {"path":"C:\\Users\\aonti\\OneDrive\\trabajos tecmi\\documentos random\\proyecto_final_ids\\backend\\src\\models\\Inventory.js","statementMap":{"0":{"start":{"line":1,"column":17},"end":{"line":1,"column":36}},"1":{"start":{"line":3,"column":24},"end":{"line":46,"column":2}},"2":{"start":{"line":49,"column":0},"end":{"line":52,"column":3}},"3":{"start":{"line":50,"column":2},"end":{"line":50,"column":40}},"4":{"start":{"line":51,"column":2},"end":{"line":51,"column":9}},"5":{"start":{"line":54,"column":0},"end":{"line":54,"column":62}}},"fnMap":{"0":{"name":"(anonymous_0)","decl":{"start":{"line":49,"column":28},"end":{"line":49,"column":29}},"loc":{"start":{"line":49,"column":43},"end":{"line":52,"column":1}},"line":49}},"branchMap":{},"s":{"0":5,"1":5,"2":5,"3":56,"4":56,"5":5},"f":{"0":56},"b":{},"_coverageSchema":"1a1c01bbd47fc00a2c39e90264f33305004495a9","hash":"69681b63534e30710502dd18f8ff74c9d5c9a68d"}
,"C:\\Users\\aonti\\OneDrive\\trabajos tecmi\\documentos random\\proyecto_final_ids\\backend\\src\\models\\Request.js": {"path":"C:\\Users\\aonti\\OneDrive\\trabajos tecmi\\documentos random\\proyecto_final_ids\\backend\\src\\models\\Request.js","statementMap":{"0":{"start":{"line":1,"column":17},"end":{"line":1,"column":36}},"1":{"start":{"line":3,"column":22},"end":{"line":49,"column":2}},"2":{"start":{"line":52,"column":0},"end":{"line":55,"column":3}},"3":{"start":{"line":53,"column":2},"end":{"line":53,"column":39}},"4":{"start":{"line":54,"column":2},"end":{"line":54,"column":9}},"5":{"start":{"line":58,"column":0},"end":{"line":58,"column":47}},"6":{"start":{"line":60,"column":0},"end":{"line":60,"column":58}}},"fnMap":{"0":{"name":"(anonymous_0)","decl":{"start":{"line":52,"column":26},"end":{"line":52,"column":27}},"loc":{"start":{"line":52,"column":41},"end":{"line":55,"column":1}},"line":52}},"branchMap":{},"s":{"0":5,"1":5,"2":5,"3":33,"4":33,"5":5,"6":5},"f":{"0":33},"b":{},"_coverageSchema":"1a1c01bbd47fc00a2c39e90264f33305004495a9","hash":"4d96611e89a8191a27dd1674a923586158257307"}
,"C:\\Users\\aonti\\OneDrive\\trabajos tecmi\\documentos random\\proyecto_final_ids\\backend\\src\\models\\User.js": {"path":"C:\\Users\\aonti\\OneDrive\\trabajos tecmi\\documentos random\\proyecto_final_ids\\backend\\src\\models\\User.js","statementMap":{"0":{"start":{"line":1,"column":17},"end":{"line":1,"column":36}},"1":{"start":{"line":2,"column":15},"end":{"line":2,"column":34}},"2":{"start":{"line":4,"column":19},"end":{"line":49,"column":2}},"3":{"start":{"line":52,"column":0},"end":{"line":60,"column":3}},"4":{"start":{"line":53,"column":2},"end":{"line":55,"column":3}},"5":{"start":{"line":54,"column":4},"end":{"line":54,"column":18}},"6":{"start":{"line":57,"column":15},"end":{"line":57,"column":39}},"7":{"start":{"line":58,"column":2},"end":{"line":58,"column":57}},"8":{"start":{"line":59,"column":2},"end":{"line":59,"column":9}},"9":{"start":{"line":63,"column":0},"end":{"line":65,"column":2}},"10":{"start":{"line":64,"column":2},"end":{"line":64,"column":64}},"11":{"start":{"line":67,"column":0},"end":{"line":67,"column":52}}},"fnMap":{"0":{"name":"(anonymous_0)","decl":{"start":{"line":52,"column":23},"end":{"line":52,"column":24}},"loc":{"start":{"line":52,"column":44},"end":{"line":60,"column":1}},"line":52},"1":{"name":"(anonymous_1)","decl":{"start":{"line":63,"column":38},"end":{"line":63,"column":39}},"loc":{"start":{"line":63,"column":72},"end":{"line":65,"column":1}},"line":63}},"branchMap":{"0":{"loc":{"start":{"line":53,"column":2},"end":{"line":55,"column":3}},"type":"if","locations":[{"start":{"line":53,"column":2},"end":{"line":55,"column":3}},{"start":{},"end":{}}],"line":53}},"s":{"0":7,"1":7,"2":7,"3":7,"4":187,"5":3,"6":184,"7":184,"8":184,"9":7,"10":0,"11":7},"f":{"0":187,"1":0},"b":{"0":[3,184]},"_coverageSchema":"1a1c01bbd47fc00a2c39e90264f33305004495a9","hash":"4c44239b0684905cedda9c805ee0c2819dc5de4b"}
,"C:\\Users\\aonti\\OneDrive\\trabajos tecmi\\documentos random\\proyecto_final_ids\\backend\\src\\routes\\auth.js": {"path":"C:\\Users\\aonti\\OneDrive\\trabajos tecmi\\documentos random\\proyecto_final_ids\\backend\\src\\routes\\auth.js","statementMap":{"0":{"start":{"line":1,"column":16},"end":{"line":1,"column":34}},"1":{"start":{"line":2,"column":15},"end":{"line":2,"column":31}},"2":{"start":{"line":8,"column":4},"end":{"line":8,"column":44}},"3":{"start":{"line":9,"column":20},"end":{"line":9,"column":49}},"4":{"start":{"line":15,"column":4},"end":{"line":15,"column":39}},"5":{"start":{"line":18,"column":0},"end":{"line":18,"column":91}},"6":{"start":{"line":19,"column":0},"end":{"line":19,"column":82}},"7":{"start":{"line":22,"column":0},"end":{"line":22,"column":44}},"8":{"start":{"line":23,"column":0},"end":{"line":23,"column":61}},"9":{"start":{"line":25,"column":0},"end":{"line":25,"column":24}}},"fnMap":{},"branchMap":{},"s":{"0":5,"1":5,"2":5,"3":5,"4":5,"5":5,"6":5,"7":5,"8":5,"9":5},"f":{},"b":{},"_coverageSchema":"1a1c01bbd47fc00a2c39e90264f33305004495a9","hash":"ed306848167828bea0949b0f63acff273b4c49b7"}
,"C:\\Users\\aonti\\OneDrive\\trabajos tecmi\\documentos random\\proyecto_final_ids\\backend\\src\\routes\\donations.js": {"path":"C:\\Users\\aonti\\OneDrive\\trabajos tecmi\\documentos random\\proyecto_final_ids\\backend\\src\\routes\\donations.js","statementMap":{"0":{"start":{"line":1,"column":16},"end":{"line":1,"column":34}},"1":{"start":{"line":2,"column":15},"end":{"line":2,"column":31}},"2":{"start":{"line":10,"column":4},"end":{"line":10,"column":48}},"3":{"start":{"line":11,"column":31},"end":{"line":11,"column":60}},"4":{"start":{"line":16,"column":4},"end":{"line":16,"column":39}},"5":{"start":{"line":19,"column":0},"end":{"line":19,"column":20}},"6":{"start":{"line":22,"column":0},"end":{"line":22,"column":89}},"7":{"start":{"line":23,"column":0},"end":{"line":23,"column":30}},"8":{"start":{"line":24,"column":0},"end":{"line":24,"column":32}},"9":{"start":{"line":27,"column":0},"end":{"line":27,"column":92}},"10":{"start":{"line":28,"column":0},"end":{"line":28,"column":66}},"11":{"start":{"line":29,"column":0},"end":{"line":29,"column":73}},"12":{"start":{"line":31,"column":0},"end":{"line":31,"column":24}}},"fnMap":{},"branchMap":{},"s":{"0":5,"1":5,"2":5,"3":5,"4":5,"5":5,"6":5,"7":5,"8":5,"9":5,"10":5,"11":5,"12":5},"f":{},"b":{},"_coverageSchema":"1a1c01bbd47fc00a2c39e90264f33305004495a9","hash":"de886f82c5bb4947a730f0c68dadae54141cfb15"}
,"C:\\Users\\aonti\\OneDrive\\trabajos tecmi\\documentos random\\proyecto_final_ids\\backend\\src\\routes\\inventory.js": {"path":"C:\\Users\\aonti\\OneDrive\\trabajos tecmi\\documentos random\\proyecto_final_ids\\backend\\src\\routes\\inventory.js","statementMap":{"0":{"start":{"line":1,"column":16},"end":{"line":1,"column":34}},"1":{"start":{"line":2,"column":15},"end":{"line":2,"column":31}},"2":{"start":{"line":11,"column":4},"end":{"line":11,"column":49}},"3":{"start":{"line":12,"column":31},"end":{"line":12,"column":60}},"4":{"start":{"line":17,"column":4},"end":{"line":17,"column":39}},"5":{"start":{"line":20,"column":0},"end":{"line":20,"column":20}},"6":{"start":{"line":23,"column":0},"end":{"line":23,"column":30}},"7":{"start":{"line":24,"column":0},"end":{"line":24,"column":37}},"8":{"start":{"line":27,"column":0},"end":{"line":27,"column":123}},"9":{"start":{"line":28,"column":0},"end":{"line":28,"column":82}},"10":{"start":{"line":29,"column":0},"end":{"line":29,"column":71}},"11":{"start":{"line":30,"column":0},"end":{"line":30,"column":87}},"12":{"start":{"line":31,"column":0},"end":{"line":31,"column":74}},"13":{"start":{"line":33,"column":0},"end":{"line":33,"column":24}}},"fnMap":{},"branchMap":{},"s":{"0":5,"1":5,"2":5,"3":5,"4":5,"5":5,"6":5,"7":5,"8":5,"9":5,"10":5,"11":5,"12":5,"13":5},"f":{},"b":{},"_coverageSchema":"1a1c01bbd47fc00a2c39e90264f33305004495a9","hash":"766feae7059eabe1de00d3c571bddd8811361295"}
,"C:\\Users\\aonti\\OneDrive\\trabajos tecmi\\documentos random\\proyecto_final_ids\\backend\\src\\routes\\requests.js": {"path":"C:\\Users\\aonti\\OneDrive\\trabajos tecmi\\documentos random\\proyecto_final_ids\\backend\\src\\routes\\requests.js","statementMap":{"0":{"start":{"line":1,"column":16},"end":{"line":1,"column":34}},"1":{"start":{"line":2,"column":15},"end":{"line":2,"column":31}},"2":{"start":{"line":10,"column":4},"end":{"line":10,"column":47}},"3":{"start":{"line":11,"column":31},"end":{"line":11,"column":60}},"4":{"start":{"line":16,"column":4},"end":{"line":16,"column":39}},"5":{"start":{"line":19,"column":0},"end":{"line":19,"column":20}},"6":{"start":{"line":22,"column":0},"end":{"line":22,"column":87}},"7":{"start":{"line":23,"column":0},"end":{"line":23,"column":29}},"8":{"start":{"line":24,"column":0},"end":{"line":24,"column":31}},"9":{"start":{"line":25,"column":0},"end":{"line":25,"column":48}},"10":{"start":{"line":26,"column":0},"end":{"line":26,"column":37}},"11":{"start":{"line":29,"column":0},"end":{"line":29,"column":91}},"12":{"start":{"line":31,"column":0},"end":{"line":31,"column":24}}},"fnMap":{},"branchMap":{},"s":{"0":5,"1":5,"2":5,"3":5,"4":5,"5":5,"6":5,"7":5,"8":5,"9":5,"10":5,"11":5,"12":5},"f":{},"b":{},"_coverageSchema":"1a1c01bbd47fc00a2c39e90264f33305004495a9","hash":"2faf84f9ceec58d48e0ec14b0675e1a4168fcf1d"}
,"C:\\Users\\aonti\\OneDrive\\trabajos tecmi\\documentos random\\proyecto_final_ids\\backend\\src\\routes\\users.js": {"path":"C:\\Users\\aonti\\OneDrive\\trabajos tecmi\\documentos random\\proyecto_final_ids\\backend\\src\\routes\\users.js","statementMap":{"0":{"start":{"line":1,"column":16},"end":{"line":1,"column":34}},"1":{"start":{"line":2,"column":15},"end":{"line":2,"column":31}},"2":{"start":{"line":3,"column":31},"end":{"line":3,"column":60}},"3":{"start":{"line":12,"column":4},"end":{"line":12,"column":44}},"4":{"start":{"line":15,"column":0},"end":{"line":15,"column":20}},"5":{"start":{"line":16,"column":0},"end":{"line":16,"column":39}},"6":{"start":{"line":19,"column":0},"end":{"line":19,"column":29}},"7":{"start":{"line":20,"column":0},"end":{"line":20,"column":35}},"8":{"start":{"line":21,"column":0},"end":{"line":21,"column":28}},"9":{"start":{"line":22,"column":0},"end":{"line":22,"column":31}},"10":{"start":{"line":23,"column":0},"end":{"line":23,"column":34}},"11":{"start":{"line":24,"column":0},"end":{"line":24,"column":42}},"12":{"start":{"line":25,"column":0},"end":{"line":25,"column":46}},"13":{"start":{"line":27,"column":0},"end":{"line":27,"column":24}}},"fnMap":{},"branchMap":{},"s":{"0":5,"1":5,"2":5,"3":5,"4":5,"5":5,"6":5,"7":5,"8":5,"9":5,"10":5,"11":5,"12":5,"13":5},"f":{},"b":{},"_coverageSchema":"1a1c01bbd47fc00a2c39e90264f33305004495a9","hash":"cb2102a758d2918f68d98a79eb5b717b302bdd38"}
}
