TN:
SF:src\config\database.js
FN:3,(anonymous_0)
FNF:1
FNH:0
FNDA:0,(anonymous_0)
DA:1,5
DA:3,5
DA:4,0
DA:5,0
DA:7,0
DA:8,0
DA:10,0
DA:11,0
DA:15,5
LF:9
LH:3
BRF:0
BRH:0
end_of_record
TN:
SF:src\controllers\authController.js
FN:5,(anonymous_0)
FN:53,(anonymous_1)
FN:109,(anonymous_2)
FN:135,(anonymous_3)
FNF:4
FNH:4
FNDA:6,(anonymous_0)
FNDA:5,(anonymous_1)
FNDA:3,(anonymous_2)
FNDA:8,(anonymous_3)
DA:1,6
DA:2,6
DA:5,6
DA:6,6
DA:7,6
DA:10,6
DA:12,5
DA:13,2
DA:20,3
DA:30,2
DA:32,2
DA:44,2
DA:53,6
DA:54,5
DA:55,5
DA:58,5
DA:60,4
DA:61,1
DA:68,3
DA:69,1
DA:76,2
DA:78,2
DA:79,1
DA:86,1
DA:88,1
DA:100,1
DA:109,6
DA:110,3
DA:111,3
DA:113,2
DA:126,1
DA:135,6
DA:136,8
DA:137,8
DA:139,8
DA:145,7
DA:158,1
LF:37
LH:37
BRDA:12,0,0,2
BRDA:12,0,1,3
BRDA:60,1,0,1
BRDA:60,1,1,3
BRDA:68,2,0,1
BRDA:68,2,1,2
BRDA:78,3,0,1
BRDA:78,3,1,1
BRF:8
BRH:8
end_of_record
TN:
SF:src\controllers\donationController.js
FN:6,(anonymous_0)
FN:37,(anonymous_1)
FN:65,(anonymous_2)
FN:99,(anonymous_3)
FN:183,(anonymous_4)
FN:218,(anonymous_5)
FNF:6
FNH:5
FNDA:2,(anonymous_0)
FNDA:2,(anonymous_1)
FNDA:6,(anonymous_2)
FNDA:2,(anonymous_3)
FNDA:2,(anonymous_4)
FNDA:0,(anonymous_5)
DA:1,5
DA:2,5
DA:3,5
DA:6,5
DA:7,2
DA:8,2
DA:10,2
DA:20,2
DA:22,2
DA:28,0
DA:37,5
DA:38,2
DA:39,2
DA:42,2
DA:43,1
DA:46,2
DA:50,2
DA:56,0
DA:65,5
DA:66,6
DA:67,6
DA:70,3
DA:71,0
DA:78,3
DA:79,1
DA:85,2
DA:90,3
DA:99,5
DA:100,2
DA:101,2
DA:103,2
DA:104,2
DA:106,2
DA:108,0
DA:109,0
DA:110,0
DA:117,0
DA:120,0
DA:121,0
DA:122,0
DA:125,0
DA:126,0
DA:129,0
DA:135,0
DA:137,0
DA:139,0
DA:140,0
DA:141,0
DA:144,0
DA:156,0
DA:158,0
DA:160,0
DA:170,2
DA:172,2
DA:178,2
DA:183,5
DA:184,2
DA:185,2
DA:187,2
DA:188,0
DA:195,2
DA:196,1
DA:202,1
DA:204,1
DA:209,0
DA:218,5
DA:219,0
DA:220,0
DA:229,0
DA:231,0
DA:242,0
DA:247,0
DA:257,0
LF:73
LH:42
BRDA:42,0,0,1
BRDA:42,0,1,1
BRDA:70,1,0,0
BRDA:70,1,1,3
BRDA:78,2,0,1
BRDA:78,2,1,2
BRDA:78,3,0,3
BRDA:78,3,1,2
BRDA:108,4,0,0
BRDA:108,4,1,0
BRDA:121,5,0,0
BRDA:121,5,1,0
BRDA:125,6,0,0
BRDA:125,6,1,0
BRDA:125,7,0,0
BRDA:125,7,1,0
BRDA:135,8,0,0
BRDA:135,8,1,0
BRDA:137,9,0,0
BRDA:137,9,1,0
BRDA:149,10,0,0
BRDA:149,10,1,0
BRDA:162,11,0,0
BRDA:162,11,1,0
BRDA:187,12,0,0
BRDA:187,12,1,2
BRDA:195,13,0,1
BRDA:195,13,1,1
BRF:28
BRH:10
end_of_record
TN:
SF:src\controllers\inventoryController.js
FN:4,(anonymous_0)
FN:36,(anonymous_1)
FN:61,(anonymous_2)
FN:107,(anonymous_3)
FN:145,(anonymous_4)
FN:172,(anonymous_5)
FN:219,(anonymous_6)
FNF:7
FNH:6
FNDA:3,(anonymous_0)
FNDA:3,(anonymous_1)
FNDA:2,(anonymous_2)
FNDA:1,(anonymous_3)
FNDA:1,(anonymous_4)
FNDA:3,(anonymous_5)
FNDA:0,(anonymous_6)
DA:1,5
DA:4,5
DA:5,3
DA:6,3
DA:7,3
DA:10,3
DA:11,1
DA:15,3
DA:16,1
DA:19,3
DA:21,3
DA:27,0
DA:36,5
DA:37,3
DA:38,3
DA:40,1
DA:41,0
DA:47,1
DA:52,2
DA:61,5
DA:62,2
DA:63,2
DA:66,2
DA:72,2
DA:73,1
DA:84,1
DA:92,1
DA:98,0
DA:107,5
DA:108,1
DA:109,1
DA:111,1
DA:113,1
DA:114,0
DA:121,1
DA:122,1
DA:123,1
DA:124,1
DA:125,1
DA:126,1
DA:128,1
DA:130,1
DA:136,0
DA:145,5
DA:146,1
DA:147,1
DA:149,1
DA:150,0
DA:156,1
DA:158,1
DA:163,0
DA:172,5
DA:173,3
DA:174,3
DA:176,3
DA:178,3
DA:179,0
DA:185,3
DA:186,1
DA:187,2
DA:188,2
DA:189,1
DA:194,1
DA:196,0
DA:202,2
DA:204,2
DA:210,0
DA:219,5
DA:220,0
DA:221,0
DA:222,0
DA:223,0
DA:225,0
DA:235,0
DA:245,0
LF:75
LH:58
BRDA:10,0,0,1
BRDA:10,0,1,2
BRDA:15,1,0,1
BRDA:15,1,1,2
BRDA:40,2,0,0
BRDA:40,2,1,1
BRDA:72,3,0,1
BRDA:72,3,1,1
BRDA:113,4,0,0
BRDA:113,4,1,1
BRDA:121,5,0,1
BRDA:121,5,1,0
BRDA:122,6,0,0
BRDA:122,6,1,1
BRDA:123,7,0,1
BRDA:123,7,1,0
BRDA:124,8,0,0
BRDA:124,8,1,1
BRDA:125,9,0,0
BRDA:125,9,1,1
BRDA:126,10,0,0
BRDA:126,10,1,1
BRDA:149,11,0,0
BRDA:149,11,1,1
BRDA:178,12,0,0
BRDA:178,12,1,3
BRDA:185,13,0,1
BRDA:185,13,1,2
BRDA:187,14,0,2
BRDA:187,14,1,0
BRDA:188,15,0,1
BRDA:188,15,1,1
BRDA:206,16,0,1
BRDA:206,16,1,1
BRF:34
BRH:23
end_of_record
TN:
SF:src\controllers\requestController.js
FN:5,(anonymous_0)
FN:76,(anonymous_1)
FN:105,(anonymous_2)
FN:140,(anonymous_3)
FN:205,(anonymous_4)
FN:269,(anonymous_5)
FNF:6
FNH:6
FNDA:5,(anonymous_0)
FNDA:2,(anonymous_1)
FNDA:3,(anonymous_2)
FNDA:3,(anonymous_3)
FNDA:5,(anonymous_4)
FNDA:4,(anonymous_5)
DA:1,5
DA:2,5
DA:5,5
DA:6,5
DA:7,5
DA:10,5
DA:15,5
DA:16,1
DA:23,4
DA:25,4
DA:26,1
DA:33,3
DA:34,1
DA:41,2
DA:42,1
DA:48,1
DA:56,1
DA:61,1
DA:67,0
DA:76,5
DA:77,2
DA:78,2
DA:81,2
DA:82,1
DA:85,2
DA:90,2
DA:96,0
DA:105,5
DA:106,3
DA:107,3
DA:111,3
DA:112,0
DA:119,3
DA:120,1
DA:126,2
DA:131,0
DA:140,5
DA:141,3
DA:142,3
DA:144,3
DA:147,3
DA:148,0
DA:155,3
DA:156,0
DA:163,3
DA:164,1
DA:171,2
DA:172,1
DA:178,1
DA:179,1
DA:182,1
DA:183,1
DA:185,1
DA:190,1
DA:196,0
DA:205,5
DA:206,5
DA:207,5
DA:209,5
DA:212,5
DA:213,0
DA:219,5
DA:220,5
DA:222,5
DA:223,5
DA:226,5
DA:227,3
DA:229,3
DA:230,0
DA:236,3
DA:237,3
DA:241,5
DA:242,1
DA:243,1
DA:244,1
DA:247,5
DA:249,5
DA:254,5
DA:260,0
DA:269,5
DA:270,4
DA:271,4
DA:273,4
DA:274,0
DA:281,4
DA:282,2
DA:283,0
DA:289,2
DA:290,1
DA:298,3
DA:299,2
DA:300,2
DA:301,2
DA:302,2
DA:306,3
DA:308,3
DA:313,0
LF:97
LH:84
BRDA:15,0,0,1
BRDA:15,0,1,4
BRDA:25,1,0,1
BRDA:25,1,1,3
BRDA:33,2,0,1
BRDA:33,2,1,2
BRDA:41,3,0,1
BRDA:41,3,1,1
BRDA:81,4,0,1
BRDA:81,4,1,1
BRDA:111,5,0,0
BRDA:111,5,1,3
BRDA:119,6,0,1
BRDA:119,6,1,2
BRDA:119,7,0,3
BRDA:119,7,1,2
BRDA:147,8,0,0
BRDA:147,8,1,3
BRDA:155,9,0,0
BRDA:155,9,1,3
BRDA:155,10,0,3
BRDA:155,10,1,3
BRDA:163,11,0,1
BRDA:163,11,1,2
BRDA:171,12,0,1
BRDA:171,12,1,1
BRDA:171,13,0,2
BRDA:171,13,1,2
BRDA:178,14,0,1
BRDA:178,14,1,0
BRDA:179,15,0,1
BRDA:179,15,1,0
BRDA:212,16,0,0
BRDA:212,16,1,5
BRDA:222,17,0,1
BRDA:222,17,1,4
BRDA:223,18,0,0
BRDA:223,18,1,5
BRDA:226,19,0,3
BRDA:226,19,1,2
BRDA:226,20,0,5
BRDA:226,20,1,3
BRDA:229,21,0,0
BRDA:229,21,1,3
BRDA:241,22,0,1
BRDA:241,22,1,4
BRDA:241,23,0,5
BRDA:241,23,1,2
BRDA:273,24,0,0
BRDA:273,24,1,4
BRDA:281,25,0,2
BRDA:281,25,1,2
BRDA:282,26,0,0
BRDA:282,26,1,2
BRDA:289,27,0,1
BRDA:289,27,1,1
BRDA:298,28,0,2
BRDA:298,28,1,1
BRDA:300,29,0,2
BRDA:300,29,1,0
BRF:60
BRH:49
end_of_record
TN:
SF:src\controllers\userController.js
FN:4,(anonymous_0)
FN:23,(anonymous_1)
FN:48,(anonymous_2)
FN:102,(anonymous_3)
FN:137,(anonymous_4)
FN:188,(anonymous_5)
FN:230,(anonymous_6)
FNF:7
FNH:7
FNDA:1,(anonymous_0)
FNDA:2,(anonymous_1)
FNDA:2,(anonymous_2)
FNDA:2,(anonymous_3)
FNDA:3,(anonymous_4)
FNDA:2,(anonymous_5)
FNDA:1,(anonymous_6)
DA:1,5
DA:4,5
DA:5,1
DA:6,1
DA:8,1
DA:14,0
DA:23,5
DA:24,2
DA:25,2
DA:27,2
DA:28,1
DA:34,1
DA:39,0
DA:48,5
DA:49,2
DA:50,2
DA:52,2
DA:54,2
DA:55,0
DA:62,2
DA:63,1
DA:70,1
DA:71,1
DA:72,1
DA:73,1
DA:74,1
DA:75,1
DA:77,1
DA:79,1
DA:93,0
DA:102,5
DA:103,2
DA:104,2
DA:106,2
DA:107,0
DA:114,2
DA:115,1
DA:121,1
DA:123,1
DA:128,0
DA:137,5
DA:138,3
DA:139,3
DA:141,3
DA:142,1
DA:148,2
DA:150,2
DA:151,0
DA:158,2
DA:159,1
DA:165,1
DA:166,1
DA:168,1
DA:179,0
DA:188,5
DA:189,2
DA:190,2
DA:192,2
DA:193,0
DA:200,2
DA:201,1
DA:207,1
DA:208,1
DA:210,1
DA:221,0
DA:230,5
DA:231,1
DA:232,1
DA:233,1
DA:234,1
DA:235,1
DA:237,1
DA:248,0
LF:73
LH:62
BRDA:27,0,0,1
BRDA:27,0,1,1
BRDA:54,1,0,0
BRDA:54,1,1,2
BRDA:62,2,0,1
BRDA:62,2,1,1
BRDA:62,3,0,2
BRDA:62,3,1,1
BRDA:70,4,0,1
BRDA:70,4,1,0
BRDA:71,5,0,0
BRDA:71,5,1,1
BRDA:72,6,0,1
BRDA:72,6,1,0
BRDA:73,7,0,0
BRDA:73,7,1,1
BRDA:74,8,0,0
BRDA:74,8,1,1
BRDA:75,9,0,0
BRDA:75,9,1,1
BRDA:106,10,0,0
BRDA:106,10,1,2
BRDA:114,11,0,1
BRDA:114,11,1,1
BRDA:141,12,0,1
BRDA:141,12,1,2
BRDA:150,13,0,0
BRDA:150,13,1,2
BRDA:158,14,0,1
BRDA:158,14,1,1
BRDA:192,15,0,0
BRDA:192,15,1,2
BRDA:200,16,0,1
BRDA:200,16,1,1
BRDA:212,17,0,0
BRDA:212,17,1,1
BRF:36
BRH:25
end_of_record
TN:
SF:src\middleware\auth.js
FN:5,(anonymous_0)
FN:53,(anonymous_1)
FN:54,(anonymous_2)
FN:66,(anonymous_3)
FNF:4
FNH:4
FNDA:100,(anonymous_0)
FNDA:55,(anonymous_1)
FNDA:45,(anonymous_2)
FNDA:3,(anonymous_3)
DA:1,7
DA:2,7
DA:5,7
DA:9,100
DA:10,88
DA:14,100
DA:15,12
DA:21,88
DA:23,88
DA:26,84
DA:28,84
DA:29,1
DA:35,83
DA:36,1
DA:42,82
DA:44,4
DA:45,4
DA:53,7
DA:54,55
DA:55,45
DA:56,13
DA:61,32
DA:66,7
DA:67,3
LF:24
LH:24
BRDA:9,0,0,88
BRDA:9,0,1,12
BRDA:14,1,0,12
BRDA:14,1,1,88
BRDA:28,2,0,1
BRDA:28,2,1,83
BRDA:35,3,0,1
BRDA:35,3,1,82
BRDA:55,4,0,13
BRDA:55,4,1,32
BRF:10
BRH:10
end_of_record
TN:
SF:src\middleware\validation.js
FN:4,(anonymous_0)
FN:16,(anonymous_1)
FN:18,(anonymous_2)
FN:117,(anonymous_3)
FN:123,(anonymous_4)
FNF:5
FNH:5
FNDA:66,(anonymous_0)
FNDA:35,(anonymous_1)
FNDA:83,(anonymous_2)
FNDA:15,(anonymous_3)
FNDA:8,(anonymous_4)
DA:1,5
DA:4,5
DA:5,66
DA:8,66
DA:16,5
DA:17,35
DA:18,35
DA:19,83
DA:20,66
DA:24,35
DA:28,5
DA:52,5
DA:64,5
DA:85,5
DA:96,5
DA:117,5
DA:118,15
DA:120,15
DA:121,4
DA:123,8
DA:130,11
LF:21
LH:21
BRDA:5,0,0,0
BRDA:5,0,1,66
BRDA:17,1,0,35
BRDA:17,1,1,0
BRDA:19,2,0,66
BRDA:19,2,1,17
BRDA:120,3,0,4
BRDA:120,3,1,11
BRF:8
BRH:6
end_of_record
TN:
SF:src\models\Donation.js
FN:59,(anonymous_0)
FNF:1
FNH:1
FNDA:25,(anonymous_0)
DA:1,5
DA:3,5
DA:59,5
DA:60,25
DA:61,25
DA:64,5
LF:6
LH:6
BRF:0
BRH:0
end_of_record
TN:
SF:src\models\Inventory.js
FN:49,(anonymous_0)
FNF:1
FNH:1
FNDA:56,(anonymous_0)
DA:1,5
DA:3,5
DA:49,5
DA:50,56
DA:51,56
DA:54,5
LF:6
LH:6
BRF:0
BRH:0
end_of_record
TN:
SF:src\models\Request.js
FN:52,(anonymous_0)
FNF:1
FNH:1
FNDA:33,(anonymous_0)
DA:1,5
DA:3,5
DA:52,5
DA:53,33
DA:54,33
DA:58,5
DA:60,5
LF:7
LH:7
BRF:0
BRH:0
end_of_record
TN:
SF:src\models\User.js
FN:52,(anonymous_0)
FN:63,(anonymous_1)
FNF:2
FNH:1
FNDA:187,(anonymous_0)
FNDA:0,(anonymous_1)
DA:1,7
DA:2,7
DA:4,7
DA:52,7
DA:53,187
DA:54,3
DA:57,184
DA:58,184
DA:59,184
DA:63,7
DA:64,0
DA:67,7
LF:12
LH:11
BRDA:53,0,0,3
BRDA:53,0,1,184
BRF:2
BRH:2
end_of_record
TN:
SF:src\routes\auth.js
FNF:0
FNH:0
DA:1,5
DA:2,5
DA:8,5
DA:9,5
DA:15,5
DA:18,5
DA:19,5
DA:22,5
DA:23,5
DA:25,5
LF:10
LH:10
BRF:0
BRH:0
end_of_record
TN:
SF:src\routes\donations.js
FNF:0
FNH:0
DA:1,5
DA:2,5
DA:10,5
DA:11,5
DA:16,5
DA:19,5
DA:22,5
DA:23,5
DA:24,5
DA:27,5
DA:28,5
DA:29,5
DA:31,5
LF:13
LH:13
BRF:0
BRH:0
end_of_record
TN:
SF:src\routes\inventory.js
FNF:0
FNH:0
DA:1,5
DA:2,5
DA:11,5
DA:12,5
DA:17,5
DA:20,5
DA:23,5
DA:24,5
DA:27,5
DA:28,5
DA:29,5
DA:30,5
DA:31,5
DA:33,5
LF:14
LH:14
BRF:0
BRH:0
end_of_record
TN:
SF:src\routes\requests.js
FNF:0
FNH:0
DA:1,5
DA:2,5
DA:10,5
DA:11,5
DA:16,5
DA:19,5
DA:22,5
DA:23,5
DA:24,5
DA:25,5
DA:26,5
DA:29,5
DA:31,5
LF:13
LH:13
BRF:0
BRH:0
end_of_record
TN:
SF:src\routes\users.js
FNF:0
FNH:0
DA:1,5
DA:2,5
DA:3,5
DA:12,5
DA:15,5
DA:16,5
DA:19,5
DA:20,5
DA:21,5
DA:22,5
DA:23,5
DA:24,5
DA:25,5
DA:27,5
LF:14
LH:14
BRF:0
BRH:0
end_of_record
